"../../../Engine/Content/EngineMaterials/T_Default_Material_Grid_N.uasset" 0
"../../../Engine/Content/EngineMaterials/T_Default_Material_Grid_M.uasset" 1
"../../../Engine/Content/Functions/Engine_MaterialFunctions01/Opacity/CameraDepthFade.uasset" 2
"../../../Engine/Content/EngineMaterials/WorldGridMaterial.uasset" 3
"../../../Engine/Content/ArtTools/RenderToTexture/Meshes/S_1_Unit_Plane.uasset" 4
"../../../Engine/Content/EngineMaterials/DefaultMaterial.uasset" 5
"../../../Engine/Content/BasicShapes/Cone.uasset" 6
"../../../Engine/Content/BasicShapes/Cube.uasset" 7
"../../../Engine/Content/BasicShapes/Plane.uasset" 8
"../../../Engine/Content/BasicShapes/Sphere.uasset" 9
"../../../Engine/Content/EditorLandscapeResources/DataLayer.uasset" 10
"../../../Engine/Content/EditorLandscapeResources/DefaultAlphaTexture.uasset" 11
"../../../Engine/Content/EditorMaterials/MAT_Groups_Toggle.uasset" 12
"../../../Engine/Content/EditorMaterials/MAT_Groups_Visibility.uasset" 13
"../../../Engine/Content/EditorMaterials/PreviewShadowIndicator.uasset" 14
"../../../Engine/Content/EditorMaterials/PreviewShadowIndicatorMaterial.uasset" 15
"../../../Engine/Content/EditorMaterials/MatineeGroups/MAT_ColorTrack.uasset" 16
"../../../Engine/Content/EditorMaterials/MatineeGroups/MAT_Groups_Anim.uasset" 17
"../../../Engine/Content/EditorMaterials/MatineeGroups/MAT_Groups_AudioMaster.uasset" 18
"../../../Engine/Content/EditorMaterials/MatineeGroups/MAT_Groups_Director.uasset" 19
"../../../Engine/Content/EditorMaterials/MatineeGroups/MAT_Groups_Event.uasset" 20
"../../../Engine/Content/EditorMaterials/MatineeGroups/MAT_Groups_Fade.uasset" 21
"../../../Engine/Content/EditorMaterials/MatineeGroups/MAT_Groups_Float.uasset" 22
"../../../Engine/Content/EditorMaterials/MatineeGroups/MAT_Groups_Move.uasset" 23
"../../../Engine/Content/EditorMaterials/MatineeGroups/MAT_Groups_Slomo.uasset" 24
"../../../Engine/Content/EditorMaterials/MatineeGroups/MAT_Groups_Sound.uasset" 25
"../../../Engine/Content/EditorMaterials/MatineeGroups/MAT_Groups_Vector.uasset" 26
"../../../Engine/Content/EditorMaterials/ParticleSystems/PSysThumbnail_NoImage.uasset" 27
"../../../Engine/Content/EditorMaterials/ParticleSystems/PSysThumbnail_OOD.uasset" 28
"../../../Engine/Content/EditorMaterials/Camera/CineMat.uasset" 29
"../../../Engine/Content/EditorMaterials/Camera/MI_CineMat_Rig.uasset" 30
"../../../Engine/Content/EditorMeshes/Camera/SM_CraneRig_Arm.uasset" 31
"../../../Engine/Content/EditorMeshes/Camera/SM_CraneRig_Base.uasset" 32
"../../../Engine/Content/EditorMeshes/Camera/SM_CraneRig_Body.uasset" 33
"../../../Engine/Content/EditorMeshes/Camera/SM_CraneRig_Mount.uasset" 34
"../../../Engine/Content/EditorMeshes/Camera/SM_RailRig_Mount.uasset" 35
"../../../Engine/Content/EditorMeshes/Camera/SM_RailRig_Track.uasset" 36
"../../../Engine/Content/EditorResources/BSPVertex.uasset" 37
"../../../Engine/Content/EditorResources/EmptyActor.uasset" 38
"../../../Engine/Content/EditorResources/S_Actor.uasset" 39
"../../../Engine/Content/EditorResources/S_Note.uasset" 40
"../../../Engine/Content/EditorResources/S_Solver.uasset" 41
"../../../Engine/Content/EditorResources/S_Terrain.uasset" 42
"../../../Engine/Content/EditorResources/S_Trigger.uasset" 43
"../../../Engine/Content/EditorResources/SequenceRecorder/Countdown.uasset" 44
"../../../Engine/Content/EditorResources/SequenceRecorder/RecordingIndicator.uasset" 45
"../../../Engine/Content/EngineDamageTypes/DmgTypeBP_Environmental.uasset" 46
"../../../Engine/Content/EngineDebugMaterials/DebugEditorMaterial.uasset" 47
"../../../Engine/Content/EngineDebugMaterials/DebugMeshMaterial.uasset" 48
"../../../Engine/Content/EngineDebugMaterials/M_SimpleUnlitTranslucent.uasset" 49
"../../../Engine/Content/EngineDebugMaterials/VolumeToRender.uasset" 50
"../../../Engine/Content/Functions/Engine_MaterialFunctions02/Utility/CameraDirectionVector.uasset" 51
"../../../Engine/Content/EngineDebugMaterials/M_VolumeRenderSphereTracePP.uasset" 52
"../../../Engine/Content/Functions/Engine_MaterialFunctions01/Shading/ConvertFromDiffSpec.uasset" 53
"../../../Engine/Content/EngineDebugMaterials/VertexColorMaterial.uasset" 54
"../../../Engine/Content/EngineDebugMaterials/WireframeMaterial.uasset" 55
"../../../Engine/Content/EngineFonts/Faces/RobotoRegular.uasset" 56
"../../../Engine/Content/EngineFonts/Faces/RobotoLight.uasset" 57
"../../../Engine/Content/EngineFonts/Faces/RobotoItalic.uasset" 58
"../../../Engine/Content/EngineFonts/Faces/RobotoBoldItalic.uasset" 59
"../../../Engine/Content/EngineFonts/Faces/RobotoBold.uasset" 60
"../../../Engine/Content/EngineFonts/Faces/DroidSansFallback.uasset" 61
"../../../Engine/Content/EngineFonts/Roboto.uasset" 62
"../../../Engine/Content/EngineMaterials/BaseFlattenGrayscaleMap.uasset" 63
"../../../Engine/Content/EngineMaterials/BaseFlattenEmissiveMap.uasset" 64
"../../../Engine/Content/EngineMaterials/BaseFlattenDiffuseMap.uasset" 65
"../../../Engine/Content/EngineMaterials/BaseFlattenNormalMap.uasset" 66
"../../../Engine/Content/EngineMaterials/BaseFlattenMaterial.uasset" 67
"../../../Engine/Content/EngineMaterials/BlueNoise.uasset" 68
"../../../Engine/Content/EngineMaterials/DefaultBloomKernel.uasset" 69
"../../../Engine/Content/EngineMaterials/DefaultBokeh.uasset" 70
"../../../Engine/Content/EngineMaterials/DefaultDiffuse.uasset" 71
"../../../Engine/Content/EngineMaterials/DefaultDeferredDecalMaterial.uasset" 72
"../../../Engine/Content/EngineMaterials/DefaultLightFunctionMaterial.uasset" 73
"../../../Engine/Content/EngineMaterials/DefaultPhysicalMaterial.uasset" 74
"../../../Engine/Content/Functions/Engine_MaterialFunctions02/Utility/BreakOutFloat2Components.uasset" 75
"../../../Engine/Content/EngineMaterials/DefaultPostProcessMaterial.uasset" 76
"../../../Engine/Content/EngineFonts/RobotoDistanceField.uasset" 77
"../../../Engine/Content/EngineMaterials/DefaultTextMaterialOpaque.uasset" 78
"../../../Engine/Content/EngineMaterials/DefaultWhiteGrid.uasset" 79
"../../../Engine/Content/EngineMaterials/DefaultWhiteGrid_Low.uasset" 80
"../../../Engine/Content/EngineMaterials/EmissiveMeshMaterial.uasset" 81
"../../../Engine/Content/EngineMaterials/GizmoMaterial.uasset" 82
"../../../Engine/Content/EngineMaterials/MiniFont.uasset" 83
"../../../Engine/Content/EngineMaterials/InvalidLightmapSettings.uasset" 84
"../../../Engine/Content/EngineMaterials/M_InvalidLightmapSettings.uasset" 85
"../../../Engine/Content/Functions/Engine_MaterialFunctions02/WorldPositionOffset/CameraOffset.uasset" 86
"../../../Engine/Content/EngineMaterials/PhAT_JointLimitMaterial.uasset" 87
"../../../Engine/Content/EngineMaterials/PreintegratedSkinBRDF.uasset" 88
"../../../Engine/Content/EngineMaterials/RemoveSurfaceMaterial.uasset" 89
"../../../Engine/Content/EngineMaterials/WeightMapPlaceholderTexture.uasset" 90
"../../../Engine/Content/EngineResources/WhiteSquareTexture.uasset" 91
"../../../Engine/Content/EngineMaterials/Widget3DPassThrough.uasset" 92
"../../../Engine/Content/EngineMaterials/Widget3DPassThrough_Masked.uasset" 93
"../../../Engine/Content/EngineMaterials/Widget3DPassThrough_Opaque.uasset" 94
"../../../Engine/Content/EngineMaterials/Widget3DPassThrough_Masked_OneSided.uasset" 95
"../../../Engine/Content/EngineMaterials/Widget3DPassThrough_Opaque_OneSided.uasset" 96
"../../../Engine/Content/EngineMaterials/Widget3DPassThrough_Translucent.uasset" 97
"../../../Engine/Content/EngineMaterials/Widget3DPassThrough_Translucent_OneSided.uasset" 98
"../../../Engine/Content/EngineMeshes/Cylinder.uasset" 99
"../../../Engine/Content/EngineMeshes/Sphere.uasset" 100
"../../../Engine/Content/EngineResources/Black.uasset" 101
"../../../Engine/Content/EngineResources/DefaultTextureCube.uasset" 102
"../../../Engine/Content/EngineResources/DefaultVolumeTexture2D.uasset" 103
"../../../Engine/Content/EngineResources/DefaultVolumeTexture.uasset" 104
"../../../Engine/Content/EngineResources/GradientTexture0.uasset" 105
"../../../Engine/Content/EngineSky/VolumetricClouds/T_NoiseShape64.uasset" 106
"../../../Engine/Content/EngineSky/VolumetricClouds/T_VolumeNoiseShape64.uasset" 107
"../../../Engine/Content/EngineSky/VolumetricClouds/T_NoiseErosion.uasset" 108
"../../../Engine/Content/EngineSky/VolumetricClouds/T_VolumeNoiseErosion32.uasset" 109
"../../../Engine/Content/EngineSky/VolumetricClouds/CloudWeatherTexture.uasset" 110
"../../../Engine/Content/EngineSky/VolumetricClouds/CloudGradientTexture.uasset" 111
"../../../Engine/Content/Functions/Engine_MaterialFunctions02/Utility/MakeFloat2.uasset" 112
"../../../Engine/Content/EngineSky/VolumetricClouds/m_SimpleVolumetricCloud.uasset" 113
"../../../Engine/Content/EngineSky/VolumetricClouds/m_SimpleVolumetricCloud_Inst.uasset" 114
"../../../Engine/Content/EngineSounds/Master.uasset" 115
"../../../Engine/Content/Functions/Engine_MaterialFunctions01/Shading/PowerToRoughness.uasset" 116
"../../../Engine/Content/Maps/Templates/Thumbnails/Default.uasset" 117
"../../../Engine/Content/Maps/Templates/Thumbnails/TimeOfDay.uasset" 118
"../../../Engine/Content/Maps/Templates/Thumbnails/VR-Basic.uasset" 119
"../../../Engine/Content/MobileResources/T_MobileControls_texture.uasset" 120
"../../../Engine/Content/MobileResources/T_MobileMenu2.uasset" 121
"../../../Engine/Content/MobileResources/HUD/AnalogHat.uasset" 122
"../../../Engine/Content/MobileResources/HUD/VirtualJoystick_Thumb.uasset" 123
"../../../Engine/Content/MobileResources/HUD/VirtualJoystick_Background.uasset" 124
"../../../Engine/Content/MobileResources/HUD/DefaultVirtualJoysticks.uasset" 125
"../../../Engine/Content/MobileResources/HUD/LeftVirtualJoystickOnly.uasset" 126
"../../../Engine/Content/MobileResources/HUD/MobileHUDButton1_off.uasset" 127
"../../../Engine/Content/MobileResources/HUD/MobileHUDButton1_on.uasset" 128
"../../../Engine/Content/MobileResources/HUD/MobileHUDButton2_off.uasset" 129
"../../../Engine/Content/MobileResources/HUD/MobileHUDButton2_on.uasset" 130
"../../../Engine/Content/MobileResources/HUD/MobileHUDButton3.uasset" 131
"../../../Engine/Content/MobileResources/HUD/MobileHUDButtonFire.uasset" 132
"../../../Engine/Content/MobileResources/HUD/MobileHUDDirectionPad.uasset" 133
"../../../Engine/Content/MobileResources/HUD/MobileHUDDirectionPad2.uasset" 134
"../../../Engine/Content/MobileResources/HUD/MobileHUDDirectionPad3.uasset" 135
"../../../Engine/Content/MobileResources/HUD/MobileHUDDirectionStick.uasset" 136
"../../../Engine/Content/MobileResources/HUD/T_Castle_ThumbstickInner.uasset" 137
"../../../Engine/Content/MobileResources/HUD/T_Castle_ThumbstickOutter.uasset" 138
"../../../Engine/Content/Tutorial/ContentIntroCurve.uasset" 139
"../../../Engine/Content/Tutorial/Basics/LevelEditorAttract.uasset" 140
"../../../Engine/Content/Tutorial/Installation/InstallingVisualStudioTutorial.uasset" 141
"../../../Engine/Content/VREditor/LaserPointer/VR_LaserPower_01.uasset" 142
"../../../Engine/Content/VREditor/TransformGizmo/TransformGizmoMaterial.uasset" 143
"../../../Engine/Content/VREditor/TransformGizmo/TranslucentTransformGizmoMaterial.uasset" 144
"../../../Engine/Content/VREditor/TransformGizmo/BoundingBoxCorner.uasset" 145
"../../../Engine/Content/VREditor/TransformGizmo/BoundingBoxEdge.uasset" 146
"../../../Engine/Content/VREditor/TransformGizmo/PlaneTranslationHandle.uasset" 147
"../../../Engine/Content/VREditor/TransformGizmo/Xray.uasset" 148
"../../../Engine/Content/VREditor/TransformGizmo/Main.uasset" 149
"../../../Engine/Content/VREditor/TransformGizmo/SM_Sequencer_Key.uasset" 150
"../../../Engine/Content/VREditor/TransformGizmo/SM_Sequencer_Node.uasset" 151
"../../Plugins/2D/Paper2D/Content/PlaceholderTextures/DummySpriteTexture.uasset" 152
"../../Plugins/2D/Paper2D/Content/DummySprite.uasset" 153
"../../Plugins/2D/Paper2D/Content/DefaultPaperTerrainMaterial.uasset" 154
"../../Plugins/2D/Paper2D/Content/DefaultSpriteMaterial.uasset" 155
"../../Plugins/2D/Paper2D/Content/MaskedUnlitSpriteMaterial.uasset" 156
"../../Plugins/2D/Paper2D/Content/OpaqueUnlitSpriteMaterial.uasset" 157
"../../../Engine/Content/Functions/Engine_MaterialFunctions02/ObjectLocalBounds.uasset" 158
"../../../Engine/Content/Functions/Engine_MaterialFunctions02/Utility/BreakOutFloat3Components.uasset" 159
"../../Plugins/Editor/SpeedTreeImporter/Content/SpeedTree9/UnpackInteger3.uasset" 160
"../../Plugins/Editor/SpeedTreeImporter/Content/SpeedTree9/UnpackDirection.uasset" 161
"../../Plugins/Editor/SpeedTreeImporter/Content/SpeedTree9/game_wind_noise.uasset" 162
"../../../Engine/Content/Functions/Engine_MaterialFunctions02/SafeNormalize.uasset" 163
"../../Plugins/Editor/SpeedTreeImporter/Content/SpeedTree9/SpeedTreeWindMotion.uasset" 164
"../../Plugins/Editor/SpeedTreeImporter/Content/SpeedTree9/SpeedTreeBranchMotion.uasset" 165
"../../../Engine/Content/Functions/Engine_MaterialFunctions02/UVs/BoundingBoxBased_0-1_UVW.uasset" 166
"../../Plugins/Editor/SpeedTreeImporter/Content/SpeedTree9/SpeedTreeWind.uasset" 167
"../../Plugins/Editor/SpeedTreeImporter/Content/SpeedTree9/SpeedTreeBillboard.uasset" 168
"../../../Engine/Content/EngineResources/DefaultTexture.uasset" 169
"../../Plugins/Editor/SpeedTreeImporter/Content/SpeedTree9/SpeedTreeBillboardMaster.uasset" 170
"../../Plugins/Editor/SpeedTreeImporter/Content/SpeedTree9/SpeedTreeCameraFacing.uasset" 171
"../../Plugins/Editor/SpeedTreeImporter/Content/SpeedTree9/SpeedTreeMaster.uasset" 172
"../../../Engine/Content/ArtTools/RenderToTexture/Materials/Debug/M_Emissive_Color.uasset" 173
"../../../Engine/Content/BasicShapes/Cylinder.uasset" 174
"../../Plugins/Lumin/MagicLeapPassableWorld/Content/MagicLeapARPinInfoActor.uasset" 175
"../../../Engine/Content/Functions/Engine_MaterialFunctions02/Utility/MakeFloat3.uasset" 176
"../../../Engine/Content/Functions/Engine_MaterialFunctions02/Utility/BreakOutFloat4Components.uasset" 177
"../../Plugins/Runtime/Oculus/OculusVR/Content/Materials/OculusMR_ChromaKey.uasset" 178
"../../Plugins/Runtime/Oculus/OculusVR/Content/Materials/OculusMR_OpaqueColoredMaterial.uasset" 179
"../../Plugins/Runtime/Oculus/OculusVR/Content/Materials/PokeAHoleMaterial.uasset" 180
"G:/Unreal Projects/UE4Tanks/ToonTanksV1/Content/Blueprints/HUD/Menu/MainMenu.uasset" 181
"G:/Unreal Projects/UE4Tanks/ToonTanksV1/Content/Blueprints/HUD/Menu/Settings_02.uasset" 182
"G:/Unreal Projects/UE4Tanks/ToonTanksV1/Content/Blueprints/HUD/Menu/MainMenu_01.uasset" 183
"G:/Unreal Projects/UE4Tanks/ToonTanksV1/Content/Maps/MainMenu.umap" 184
"G:/Unreal Projects/UE4Tanks/ToonTanksV1/Content/Maps/BaseballCourtTimeAttack_BuiltData.uasset" 185
"G:/Unreal Projects/UE4Tanks/ToonTanksV1/Content/AssetsvilleTown/Textures/Base/T_colorPalette_METAL.uasset" 186
"G:/Unreal Projects/UE4Tanks/ToonTanksV1/Content/AssetsvilleTown/Textures/Base/T_colorPalette2048.uasset" 187
"G:/Unreal Projects/UE4Tanks/ToonTanksV1/Content/AssetsvilleTown/Materials/MasterMaterials/M_BaseColorPalette.uasset" 188
"G:/Unreal Projects/UE4Tanks/ToonTanksV1/Content/AssetsvilleTown/Meshes/StreetProps/SM_parking_meter.uasset" 189
"G:/Unreal Projects/UE4Tanks/ToonTanksV1/Content/AssetsvilleTown/Meshes/StreetProps/SM_paint_set_1.uasset" 190
"G:/Unreal Projects/UE4Tanks/ToonTanksV1/Content/AssetsvilleTown/Meshes/StreetProps/SM_newspaperStack.uasset" 191
"G:/Unreal Projects/UE4Tanks/ToonTanksV1/Content/AssetsvilleTown/Materials/MI_ColorPalette.uasset" 192
"G:/Unreal Projects/UE4Tanks/ToonTanksV1/Content/AssetsvilleTown/Meshes/StreetProps/SM_newspaperSingle.uasset" 193
"G:/Unreal Projects/UE4Tanks/ToonTanksV1/Content/AssetsvilleTown/Meshes/StreetProps/SM_mailbox_2.uasset" 194
"G:/Unreal Projects/UE4Tanks/ToonTanksV1/Content/AssetsvilleTown/Meshes/StreetProps/SM_mailbox_1.uasset" 195
"G:/Unreal Projects/UE4Tanks/ToonTanksV1/Content/AssetsvilleTown/Meshes/StreetProps/SM_ladder_01a.uasset" 196
"G:/Unreal Projects/UE4Tanks/ToonTanksV1/Content/AssetsvilleTown/Meshes/StreetProps/SM_ladder_01.uasset" 197
"G:/Unreal Projects/UE4Tanks/ToonTanksV1/Content/AssetsvilleTown/Meshes/StreetProps/SM_keg.uasset" 198
"G:/Unreal Projects/UE4Tanks/ToonTanksV1/Content/AssetsvilleTown/Meshes/StreetProps/SM_hydrant.uasset" 199
"G:/Unreal Projects/UE4Tanks/ToonTanksV1/Content/AssetsvilleTown/Meshes/StreetProps/SM_hose_01.uasset" 200
"G:/Unreal Projects/UE4Tanks/ToonTanksV1/Content/AssetsvilleTown/Meshes/StreetProps/SM_grill.uasset" 201
"G:/Unreal Projects/UE4Tanks/ToonTanksV1/Content/AssetsvilleTown/Meshes/StreetProps/SM_grassCutter.uasset" 202
"G:/Unreal Projects/UE4Tanks/ToonTanksV1/Content/AssetsvilleTown/Materials/MasterMaterials/M_BaseColor.uasset" 203
"G:/Unreal Projects/UE4Tanks/ToonTanksV1/Content/AssetsvilleTown/Materials/MI_matteDarkGreen.uasset" 204
"G:/Unreal Projects/UE4Tanks/ToonTanksV1/Content/AssetsvilleTown/Meshes/StreetProps/SM_gasStationCarPort_01.uasset" 205
"G:/Unreal Projects/UE4Tanks/ToonTanksV1/Content/AssetsvilleTown/Meshes/StreetProps/SM_gasPumpsModern.uasset" 206
"G:/Unreal Projects/UE4Tanks/ToonTanksV1/Content/AssetsvilleTown/Meshes/StreetProps/SM_gas_can_2.uasset" 207
"G:/Unreal Projects/UE4Tanks/ToonTanksV1/Content/AssetsvilleTown/Meshes/StreetProps/SM_gas_can.uasset" 208
"G:/Unreal Projects/UE4Tanks/ToonTanksV1/Content/AssetsvilleTown/Meshes/StreetProps/SM_Flagpole.uasset" 209
"G:/Unreal Projects/UE4Tanks/ToonTanksV1/Content/AssetsvilleTown/Meshes/StreetProps/SM_fence_105end.uasset" 210
"G:/Unreal Projects/UE4Tanks/ToonTanksV1/Content/AssetsvilleTown/Textures/T_fenceMetal_01.uasset" 211
"G:/Unreal Projects/UE4Tanks/ToonTanksV1/Content/AssetsvilleTown/Materials/MasterMaterials/M_AlphaTest.uasset" 212
"G:/Unreal Projects/UE4Tanks/ToonTanksV1/Content/AssetsvilleTown/Materials/MI_FenceMetal_01.uasset" 213
"G:/Unreal Projects/UE4Tanks/ToonTanksV1/Content/AssetsvilleTown/Meshes/StreetProps/SM_fence_105.uasset" 214
"G:/Unreal Projects/UE4Tanks/ToonTanksV1/Content/AssetsvilleTown/Meshes/StreetProps/SM_fence_104a.uasset" 215
"G:/Unreal Projects/UE4Tanks/ToonTanksV1/Content/AssetsvilleTown/Meshes/StreetProps/SM_fence_102end.uasset" 216
"G:/Unreal Projects/UE4Tanks/ToonTanksV1/Content/AssetsvilleTown/Meshes/StreetProps/SM_fence_102c.uasset" 217
"G:/Unreal Projects/UE4Tanks/ToonTanksV1/Content/AssetsvilleTown/Meshes/StreetProps/SM_fence_102b.uasset" 218
"G:/Unreal Projects/UE4Tanks/ToonTanksV1/Content/AssetsvilleTown/Meshes/StreetProps/SM_fence_102a.uasset" 219
"G:/Unreal Projects/UE4Tanks/ToonTanksV1/Content/AssetsvilleTown/Meshes/StreetProps/SM_fence_102_long.uasset" 220
"G:/Unreal Projects/UE4Tanks/ToonTanksV1/Content/AssetsvilleTown/Meshes/StreetProps/SM_crate_bottles.uasset" 221
"G:/Unreal Projects/UE4Tanks/ToonTanksV1/Content/AssetsvilleTown/Meshes/StreetProps/SM_crate_5.uasset" 222
"G:/Unreal Projects/UE4Tanks/ToonTanksV1/Content/AssetsvilleTown/Meshes/StreetProps/SM_crate_4_set.uasset" 223
"G:/Unreal Projects/UE4Tanks/ToonTanksV1/Content/AssetsvilleTown/Meshes/StreetProps/SM_crate_3_set.uasset" 224
"G:/Unreal Projects/UE4Tanks/ToonTanksV1/Content/AssetsvilleTown/Meshes/StreetProps/SM_crate_1_set.uasset" 225
"G:/Unreal Projects/UE4Tanks/ToonTanksV1/Content/AssetsvilleTown/Meshes/StreetProps/SM_column_3.uasset" 226
"G:/Unreal Projects/UE4Tanks/ToonTanksV1/Content/AssetsvilleTown/Meshes/StreetProps/SM_clothes_bin_2.uasset" 227
"G:/Unreal Projects/UE4Tanks/ToonTanksV1/Content/AssetsvilleTown/Meshes/StreetProps/SM_clothes_bin.uasset" 228
"G:/Unreal Projects/UE4Tanks/ToonTanksV1/Content/AssetsvilleTown/Textures/Tiled/T_brickSmall_01_white.uasset" 229
"G:/Unreal Projects/UE4Tanks/ToonTanksV1/Content/AssetsvilleTown/Textures/Tiled/T_planks_01.uasset" 230
"G:/Unreal Projects/UE4Tanks/ToonTanksV1/Content/AssetsvilleTown/Materials/MasterMaterials/M_BaseTexture.uasset" 231
"G:/Unreal Projects/UE4Tanks/ToonTanksV1/Content/AssetsvilleTown/Materials/MI_BrickSmall_01_white.uasset" 232
"G:/Unreal Projects/UE4Tanks/ToonTanksV1/Content/AssetsvilleTown/Meshes/StreetProps/SM_chimney_02.uasset" 233
"G:/Unreal Projects/UE4Tanks/ToonTanksV1/Content/AssetsvilleTown/Meshes/StreetProps/SM_chimney_01a.uasset" 234
"G:/Unreal Projects/UE4Tanks/ToonTanksV1/Content/AssetsvilleTown/Meshes/StreetProps/SM_chimney_01.uasset" 235
"G:/Unreal Projects/UE4Tanks/ToonTanksV1/Content/AssetsvilleTown/Meshes/StreetProps/SM_carton_flat_set.uasset" 236
"G:/Unreal Projects/UE4Tanks/ToonTanksV1/Content/AssetsvilleTown/Meshes/StreetProps/SM_carton_box_tray.uasset" 237
"G:/Unreal Projects/UE4Tanks/ToonTanksV1/Content/AssetsvilleTown/Meshes/StreetProps/SM_carton_box_2_set.uasset" 238
"G:/Unreal Projects/UE4Tanks/ToonTanksV1/Content/AssetsvilleTown/Meshes/StreetProps/SM_carton_box_2.uasset" 239
"G:/Unreal Projects/UE4Tanks/ToonTanksV1/Content/AssetsvilleTown/Meshes/StreetProps/SM_carton_box.uasset" 240
"G:/Unreal Projects/UE4Tanks/ToonTanksV1/Content/AssetsvilleTown/Materials/MasterMaterials/M_Glass.uasset" 241
"G:/Unreal Projects/UE4Tanks/ToonTanksV1/Content/AssetsvilleTown/Materials/MI_GlassBasic.uasset" 242
"G:/Unreal Projects/UE4Tanks/ToonTanksV1/Content/AssetsvilleTown/Meshes/StreetProps/SM_candy_machine_2.uasset" 243
"G:/Unreal Projects/UE4Tanks/ToonTanksV1/Content/AssetsvilleTown/Meshes/Weapons/SM_Golf_Club_01.uasset" 244
"G:/Unreal Projects/UE4Tanks/ToonTanksV1/Content/AssetsvilleTown/Meshes/Weapons/SM_Chainsaw_02.uasset" 245
"G:/Unreal Projects/UE4Tanks/ToonTanksV1/Content/AssetsvilleTown/Meshes/Weapons/SM_BaseballBat_01.uasset" 246
"G:/Unreal Projects/UE4Tanks/ToonTanksV1/Content/AssetsvilleTown/Meshes/StreetProps/SM_workbench.uasset" 247
"G:/Unreal Projects/UE4Tanks/ToonTanksV1/Content/AssetsvilleTown/Meshes/StreetProps/SM_woodenShack_01.uasset" 248
"G:/Unreal Projects/UE4Tanks/ToonTanksV1/Content/AssetsvilleTown/Meshes/StreetProps/SM_wooden_blocks.uasset" 249
"G:/Unreal Projects/UE4Tanks/ToonTanksV1/Content/AssetsvilleTown/Meshes/StreetProps/SM_trash_bin_bigOpen.uasset" 250
"G:/Unreal Projects/UE4Tanks/ToonTanksV1/Content/AssetsvilleTown/Meshes/StreetProps/SM_trash_bin_4.uasset" 251
"G:/Unreal Projects/UE4Tanks/ToonTanksV1/Content/AssetsvilleTown/Meshes/StreetProps/SM_trash_bin_1b.uasset" 252
"G:/Unreal Projects/UE4Tanks/ToonTanksV1/Content/AssetsvilleTown/Meshes/StreetProps/SM_trash_bin_1a.uasset" 253
"G:/Unreal Projects/UE4Tanks/ToonTanksV1/Content/AssetsvilleTown/Meshes/StreetProps/SM_trash_bag.uasset" 254
"G:/Unreal Projects/UE4Tanks/ToonTanksV1/Content/AssetsvilleTown/Meshes/StreetProps/SM_trash.uasset" 255
"G:/Unreal Projects/UE4Tanks/ToonTanksV1/Content/AssetsvilleTown/Meshes/StreetProps/SM_TireSet_02.uasset" 256
"G:/Unreal Projects/UE4Tanks/ToonTanksV1/Content/AssetsvilleTown/Meshes/StreetProps/SM_shopAwing_01.uasset" 257
"G:/Unreal Projects/UE4Tanks/ToonTanksV1/Content/AssetsvilleTown/Meshes/StreetProps/SM_shed_01.uasset" 258
"G:/Unreal Projects/UE4Tanks/ToonTanksV1/Content/AssetsvilleTown/Meshes/StreetProps/SM_sewerCover.uasset" 259
"G:/Unreal Projects/UE4Tanks/ToonTanksV1/Content/AssetsvilleTown/Meshes/StreetProps/SM_road_sign_5.uasset" 260
"G:/Unreal Projects/UE4Tanks/ToonTanksV1/Content/AssetsvilleTown/Meshes/StreetProps/SM_road_sign_4.uasset" 261
"G:/Unreal Projects/UE4Tanks/ToonTanksV1/Content/AssetsvilleTown/Meshes/StreetProps/SM_road_sign_2.uasset" 262
"G:/Unreal Projects/UE4Tanks/ToonTanksV1/Content/AssetsvilleTown/Meshes/StreetProps/SM_road_sign_1.uasset" 263
"G:/Unreal Projects/UE4Tanks/ToonTanksV1/Content/AssetsvilleTown/Meshes/StreetProps/SM_public_phone.uasset" 264
"G:/Unreal Projects/UE4Tanks/ToonTanksV1/Content/AssetsvilleTown/Meshes/StreetProps/SM_press_box_3a.uasset" 265
"G:/Unreal Projects/UE4Tanks/ToonTanksV1/Content/AssetsvilleTown/Meshes/StreetProps/SM_press_box_3.uasset" 266
"G:/Unreal Projects/UE4Tanks/ToonTanksV1/Content/AssetsvilleTown/Meshes/StreetProps/SM_press_box_2.uasset" 267
"G:/Unreal Projects/UE4Tanks/ToonTanksV1/Content/AssetsvilleTown/Meshes/StreetProps/SM_press_box_1.uasset" 268
"G:/Unreal Projects/UE4Tanks/ToonTanksV1/Content/AssetsvilleTown/Meshes/StreetProps/SM_box_tray.uasset" 269
"G:/Unreal Projects/UE4Tanks/ToonTanksV1/Content/AssetsvilleTown/Meshes/StreetProps/SM_box.uasset" 270
"G:/Unreal Projects/UE4Tanks/ToonTanksV1/Content/AssetsvilleTown/Meshes/StreetProps/SM_billboardStand_02_small.uasset" 271
"G:/Unreal Projects/UE4Tanks/ToonTanksV1/Content/AssetsvilleTown/Meshes/StreetProps/SM_billboard_jobOffers.uasset" 272
"G:/Unreal Projects/UE4Tanks/ToonTanksV1/Content/AssetsvilleTown/Meshes/StreetProps/SM_billboard_forSale_standing.uasset" 273
"G:/Unreal Projects/UE4Tanks/ToonTanksV1/Content/AssetsvilleTown/Meshes/StreetProps/SM_billboard_forRent_standing.uasset" 274
"G:/Unreal Projects/UE4Tanks/ToonTanksV1/Content/AssetsvilleTown/Meshes/StreetProps/SM_billboard_countySheriff.uasset" 275
"G:/Unreal Projects/UE4Tanks/ToonTanksV1/Content/AssetsvilleTown/Meshes/StreetProps/SM_billboard_AutoService.uasset" 276
"G:/Unreal Projects/UE4Tanks/ToonTanksV1/Content/AssetsvilleTown/Textures/Base/T_colorPalette2048_EMS.uasset" 277
"G:/Unreal Projects/UE4Tanks/ToonTanksV1/Content/AssetsvilleTown/Materials/MasterMaterials/M_BaseColorPalette_EMS.uasset" 278
"G:/Unreal Projects/UE4Tanks/ToonTanksV1/Content/AssetsvilleTown/Materials/MI_ColorPalette_GLOW.uasset" 279
"G:/Unreal Projects/UE4Tanks/ToonTanksV1/Content/AssetsvilleTown/Meshes/StreetProps/SM_billboard_86Gasoline.uasset" 280
"G:/Unreal Projects/UE4Tanks/ToonTanksV1/Content/AssetsvilleTown/Meshes/StreetProps/SM_Bicycle_02.uasset" 281
"G:/Unreal Projects/UE4Tanks/ToonTanksV1/Content/AssetsvilleTown/Meshes/StreetProps/SM_bench_02.uasset" 282
"G:/Unreal Projects/UE4Tanks/ToonTanksV1/Content/AssetsvilleTown/Meshes/StreetProps/SM_bench.uasset" 283
"G:/Unreal Projects/UE4Tanks/ToonTanksV1/Content/AssetsvilleTown/Materials/MI_matteBrown.uasset" 284
"G:/Unreal Projects/UE4Tanks/ToonTanksV1/Content/AssetsvilleTown/Meshes/StreetProps/SM_basementWall_02.uasset" 285
"G:/Unreal Projects/UE4Tanks/ToonTanksV1/Content/AssetsvilleTown/Meshes/StreetProps/SM_basementWall_01.uasset" 286
"G:/Unreal Projects/UE4Tanks/ToonTanksV1/Content/AssetsvilleTown/Meshes/StreetProps/SM_barrel_3.uasset" 287
"G:/Unreal Projects/UE4Tanks/ToonTanksV1/Content/AssetsvilleTown/Meshes/StreetProps/SM_barrel_2.uasset" 288
"G:/Unreal Projects/UE4Tanks/ToonTanksV1/Content/AssetsvilleTown/Meshes/StreetProps/SM_barrel_1.uasset" 289
"G:/Unreal Projects/UE4Tanks/ToonTanksV1/Content/AssetsvilleTown/Meshes/StreetProps/SM_AntennaBig_01.uasset" 290
"G:/Unreal Projects/UE4Tanks/ToonTanksV1/Content/AssetsvilleTown/Meshes/StreetProps/SM_airCondition_01.uasset" 291
"../../../Engine/Content/Functions/Engine_MaterialFunctions01/WorldPositionOffset/SimpleGrassWind.uasset" 292
"G:/Unreal Projects/UE4Tanks/ToonTanksV1/Content/AssetsvilleTown/Textures/Foliage/T_leaf_01.uasset" 293
"G:/Unreal Projects/UE4Tanks/ToonTanksV1/Content/AssetsvilleTown/Materials/MasterMaterials/M_Plants.uasset" 294
"G:/Unreal Projects/UE4Tanks/ToonTanksV1/Content/AssetsvilleTown/Materials/MI_Leaf_01.uasset" 295
"G:/Unreal Projects/UE4Tanks/ToonTanksV1/Content/AssetsvilleTown/Meshes/Nature/SM_bush_01.uasset" 296
"G:/Unreal Projects/UE4Tanks/ToonTanksV1/Content/AssetsvilleTown/Meshes/InteriorProps/Other/SM_smallFreezer_01.uasset" 297
"G:/Unreal Projects/UE4Tanks/ToonTanksV1/Content/AssetsvilleTown/Meshes/InteriorProps/Other/SM_shopShelve_07.uasset" 298
"G:/Unreal Projects/UE4Tanks/ToonTanksV1/Content/AssetsvilleTown/Meshes/InteriorProps/Other/SM_shopShelve_06.uasset" 299
"G:/Unreal Projects/UE4Tanks/ToonTanksV1/Content/AssetsvilleTown/Meshes/InteriorProps/Other/SM_shopShelve_03.uasset" 300
"G:/Unreal Projects/UE4Tanks/ToonTanksV1/Content/AssetsvilleTown/Meshes/InteriorProps/Other/SM_shopShelve_02.uasset" 301
"G:/Unreal Projects/UE4Tanks/ToonTanksV1/Content/AssetsvilleTown/Meshes/InteriorProps/Other/SM_shopShelve_01.uasset" 302
"G:/Unreal Projects/UE4Tanks/ToonTanksV1/Content/AssetsvilleTown/Meshes/InteriorProps/Office/SM_Radio_01.uasset" 303
"G:/Unreal Projects/UE4Tanks/ToonTanksV1/Content/AssetsvilleTown/Meshes/InteriorProps/Office/SM_Plant_03.uasset" 304
"G:/Unreal Projects/UE4Tanks/ToonTanksV1/Content/AssetsvilleTown/Meshes/InteriorProps/Office/SM_Plant_02.uasset" 305
"G:/Unreal Projects/UE4Tanks/ToonTanksV1/Content/AssetsvilleTown/Meshes/InteriorProps/Office/SM_Plant_01.uasset" 306
"G:/Unreal Projects/UE4Tanks/ToonTanksV1/Content/AssetsvilleTown/Meshes/InteriorProps/Office/SM_LiftTool_02.uasset" 307
"G:/Unreal Projects/UE4Tanks/ToonTanksV1/Content/AssetsvilleTown/Meshes/InteriorProps/Office/SM_LiftTool_01.uasset" 308
"G:/Unreal Projects/UE4Tanks/ToonTanksV1/Content/AssetsvilleTown/Meshes/InteriorProps/Office/SM_lampIndustrial_01.uasset" 309
"G:/Unreal Projects/UE4Tanks/ToonTanksV1/Content/AssetsvilleTown/Meshes/InteriorProps/Office/SM_jailPhotoBacground_01.uasset" 310
"G:/Unreal Projects/UE4Tanks/ToonTanksV1/Content/AssetsvilleTown/Meshes/InteriorProps/Office/SM_Hanger_01.uasset" 311
"G:/Unreal Projects/UE4Tanks/ToonTanksV1/Content/AssetsvilleTown/Meshes/InteriorProps/Office/SM_FrontDesk_Sign_01.uasset" 312
"G:/Unreal Projects/UE4Tanks/ToonTanksV1/Content/AssetsvilleTown/Meshes/InteriorProps/Office/SM_Frame_03.uasset" 313
"G:/Unreal Projects/UE4Tanks/ToonTanksV1/Content/AssetsvilleTown/Meshes/InteriorProps/Office/SM_Frame_01.uasset" 314
"G:/Unreal Projects/UE4Tanks/ToonTanksV1/Content/AssetsvilleTown/Meshes/InteriorProps/Office/SM_Flag_02.uasset" 315
"G:/Unreal Projects/UE4Tanks/ToonTanksV1/Content/AssetsvilleTown/Meshes/InteriorProps/Office/SM_Flag_01.uasset" 316
"G:/Unreal Projects/UE4Tanks/ToonTanksV1/Content/AssetsvilleTown/Meshes/InteriorProps/Office/SM_FireExtinguisher_01.uasset" 317
"G:/Unreal Projects/UE4Tanks/ToonTanksV1/Content/AssetsvilleTown/Meshes/InteriorProps/Office/SM_FireAlarm_02.uasset" 318
"G:/Unreal Projects/UE4Tanks/ToonTanksV1/Content/AssetsvilleTown/Meshes/InteriorProps/Office/SM_FireAlarm_01.uasset" 319
"G:/Unreal Projects/UE4Tanks/ToonTanksV1/Content/AssetsvilleTown/Meshes/InteriorProps/Office/SM_Fan_02.uasset" 320
"G:/Unreal Projects/UE4Tanks/ToonTanksV1/Content/AssetsvilleTown/Meshes/InteriorProps/Office/SM_Fan_01.uasset" 321
"G:/Unreal Projects/UE4Tanks/ToonTanksV1/Content/AssetsvilleTown/Meshes/InteriorProps/Office/SM_EagleStatuette_01.uasset" 322
"G:/Unreal Projects/UE4Tanks/ToonTanksV1/Content/AssetsvilleTown/Meshes/InteriorProps/Office/SM_Document_Organizer_02.uasset" 323
"G:/Unreal Projects/UE4Tanks/ToonTanksV1/Content/AssetsvilleTown/Meshes/InteriorProps/Office/SM_Document_Organizer_01.uasset" 324
"G:/Unreal Projects/UE4Tanks/ToonTanksV1/Content/AssetsvilleTown/Meshes/InteriorProps/Office/SM_Desk_05.uasset" 325
"G:/Unreal Projects/UE4Tanks/ToonTanksV1/Content/AssetsvilleTown/Meshes/InteriorProps/Office/SM_Desk_04.uasset" 326
"G:/Unreal Projects/UE4Tanks/ToonTanksV1/Content/AssetsvilleTown/Meshes/InteriorProps/Office/SM_Desk_02.uasset" 327
"G:/Unreal Projects/UE4Tanks/ToonTanksV1/Content/AssetsvilleTown/Meshes/InteriorProps/Office/SM_Cupboard_12.uasset" 328
"G:/Unreal Projects/UE4Tanks/ToonTanksV1/Content/AssetsvilleTown/Meshes/InteriorProps/Office/SM_Cupboard_11.uasset" 329
"G:/Unreal Projects/UE4Tanks/ToonTanksV1/Content/AssetsvilleTown/Meshes/InteriorProps/Office/SM_Cupboard_09.uasset" 330
"G:/Unreal Projects/UE4Tanks/ToonTanksV1/Content/AssetsvilleTown/Meshes/InteriorProps/Office/SM_Cupboard_08.uasset" 331
"G:/Unreal Projects/UE4Tanks/ToonTanksV1/Content/AssetsvilleTown/Meshes/InteriorProps/Office/SM_Cupboard_07.uasset" 332
"G:/Unreal Projects/UE4Tanks/ToonTanksV1/Content/AssetsvilleTown/Meshes/InteriorProps/Office/SM_Cupboard_06.uasset" 333
"G:/Unreal Projects/UE4Tanks/ToonTanksV1/Content/AssetsvilleTown/Meshes/InteriorProps/Office/SM_Cupboard_03.uasset" 334
"G:/Unreal Projects/UE4Tanks/ToonTanksV1/Content/AssetsvilleTown/Meshes/InteriorProps/Office/SM_Cupboard_02.uasset" 335
"G:/Unreal Projects/UE4Tanks/ToonTanksV1/Content/AssetsvilleTown/Meshes/InteriorProps/Office/SM_Cupboard_01.uasset" 336
"G:/Unreal Projects/UE4Tanks/ToonTanksV1/Content/AssetsvilleTown/Meshes/InteriorProps/Office/SM_Cup_01.uasset" 337
"G:/Unreal Projects/UE4Tanks/ToonTanksV1/Content/AssetsvilleTown/Meshes/InteriorProps/Office/SM_CountrySheriff_Sign_01.uasset" 338
"G:/Unreal Projects/UE4Tanks/ToonTanksV1/Content/AssetsvilleTown/Meshes/InteriorProps/Office/SM_Counter_01_corner.uasset" 339
"G:/Unreal Projects/UE4Tanks/ToonTanksV1/Content/AssetsvilleTown/Meshes/InteriorProps/Office/SM_Counter_01.uasset" 340
"G:/Unreal Projects/UE4Tanks/ToonTanksV1/Content/AssetsvilleTown/Meshes/InteriorProps/Office/SM_Computer_01.uasset" 341
"G:/Unreal Projects/UE4Tanks/ToonTanksV1/Content/AssetsvilleTown/Meshes/InteriorProps/Office/SM_Clock_01.uasset" 342
"G:/Unreal Projects/UE4Tanks/ToonTanksV1/Content/AssetsvilleTown/Materials/MI_matteDarkRed.uasset" 343
"G:/Unreal Projects/UE4Tanks/ToonTanksV1/Content/AssetsvilleTown/Meshes/InteriorProps/Office/SM_Chair_03.uasset" 344
"G:/Unreal Projects/UE4Tanks/ToonTanksV1/Content/AssetsvilleTown/Materials/MI_glossyBlue.uasset" 345
"G:/Unreal Projects/UE4Tanks/ToonTanksV1/Content/AssetsvilleTown/Meshes/InteriorProps/Office/SM_Chair_02.uasset" 346
"G:/Unreal Projects/UE4Tanks/ToonTanksV1/Content/AssetsvilleTown/Meshes/InteriorProps/Office/SM_Chair_01.uasset" 347
"G:/Unreal Projects/UE4Tanks/ToonTanksV1/Content/AssetsvilleTown/Meshes/InteriorProps/Office/SM_ceilingLamp_01.uasset" 348
"G:/Unreal Projects/UE4Tanks/ToonTanksV1/Content/AssetsvilleTown/Meshes/InteriorProps/Office/SM_CashRegister_01.uasset" 349
"G:/Unreal Projects/UE4Tanks/ToonTanksV1/Content/AssetsvilleTown/Meshes/InteriorProps/Office/SM_benchLocker.uasset" 350
"G:/Unreal Projects/UE4Tanks/ToonTanksV1/Content/AssetsvilleTown/Meshes/InteriorProps/Other/SM_shopFreezer_04.uasset" 351
"G:/Unreal Projects/UE4Tanks/ToonTanksV1/Content/AssetsvilleTown/Meshes/InteriorProps/Other/SM_shopFreezer_03.uasset" 352
"G:/Unreal Projects/UE4Tanks/ToonTanksV1/Content/AssetsvilleTown/Meshes/InteriorProps/Other/SM_shopCounter_03.uasset" 353
"G:/Unreal Projects/UE4Tanks/ToonTanksV1/Content/AssetsvilleTown/Meshes/InteriorProps/Other/SM_fruitShelveBox_01.uasset" 354
"G:/Unreal Projects/UE4Tanks/ToonTanksV1/Content/AssetsvilleTown/Meshes/InteriorProps/Other/SM_donutsCounter_02.uasset" 355
"G:/Unreal Projects/UE4Tanks/ToonTanksV1/Content/AssetsvilleTown/Meshes/InteriorProps/Other/SM_donutsBoard_01.uasset" 356
"G:/Unreal Projects/UE4Tanks/ToonTanksV1/Content/AssetsvilleTown/Meshes/InteriorProps/Other/SM_Cup_04.uasset" 357
"G:/Unreal Projects/UE4Tanks/ToonTanksV1/Content/AssetsvilleTown/Meshes/InteriorProps/Other/SM_churchStand.uasset" 358
"G:/Unreal Projects/UE4Tanks/ToonTanksV1/Content/AssetsvilleTown/Meshes/InteriorProps/Other/SM_churchBench.uasset" 359
"G:/Unreal Projects/UE4Tanks/ToonTanksV1/Content/AssetsvilleTown/Meshes/InteriorProps/Other/SM_cashRegister.uasset" 360
"G:/Unreal Projects/UE4Tanks/ToonTanksV1/Content/AssetsvilleTown/Meshes/InteriorProps/Other/SM_breadShelve_01.uasset" 361
"G:/Unreal Projects/UE4Tanks/ToonTanksV1/Content/AssetsvilleTown/Materials/MI_Water.uasset" 362
"G:/Unreal Projects/UE4Tanks/ToonTanksV1/Content/AssetsvilleTown/Meshes/InteriorProps/Office/SM_WaterDispenser_01.uasset" 363
"G:/Unreal Projects/UE4Tanks/ToonTanksV1/Content/AssetsvilleTown/Meshes/InteriorProps/Office/SM_Wardrobe_01.uasset" 364
"G:/Unreal Projects/UE4Tanks/ToonTanksV1/Content/AssetsvilleTown/Meshes/InteriorProps/Office/SM_TyreRacking_01.uasset" 365
"G:/Unreal Projects/UE4Tanks/ToonTanksV1/Content/AssetsvilleTown/Meshes/InteriorProps/Office/SM_Typewriter_01.uasset" 366
"G:/Unreal Projects/UE4Tanks/ToonTanksV1/Content/AssetsvilleTown/Meshes/InteriorProps/Office/SM_ToolBox_02.uasset" 367
"G:/Unreal Projects/UE4Tanks/ToonTanksV1/Content/AssetsvilleTown/Meshes/InteriorProps/Office/SM_ToolBox_01.uasset" 368
"G:/Unreal Projects/UE4Tanks/ToonTanksV1/Content/AssetsvilleTown/Meshes/InteriorProps/Office/SM_Suitcase_01.uasset" 369
"G:/Unreal Projects/UE4Tanks/ToonTanksV1/Content/AssetsvilleTown/Meshes/InteriorProps/House/SM_Ball_01.uasset" 370
"G:/Unreal Projects/UE4Tanks/ToonTanksV1/Content/AssetsvilleTown/Meshes/InteriorProps/House/SM_Armchair_04.uasset" 371
"G:/Unreal Projects/UE4Tanks/ToonTanksV1/Content/AssetsvilleTown/Meshes/InteriorProps/House/SM_Armchair_02.uasset" 372
"G:/Unreal Projects/UE4Tanks/ToonTanksV1/Content/AssetsvilleTown/Meshes/InteriorProps/House/SM_Armchair_01.uasset" 373
"G:/Unreal Projects/UE4Tanks/ToonTanksV1/Content/AssetsvilleTown/Meshes/InteriorProps/House/SM_Armachair_03.uasset" 374
"G:/Unreal Projects/UE4Tanks/ToonTanksV1/Content/AssetsvilleTown/Textures/Base/T_roadSet.uasset" 375
"G:/Unreal Projects/UE4Tanks/ToonTanksV1/Content/AssetsvilleTown/Materials/MI_GroundTile.uasset" 376
"G:/Unreal Projects/UE4Tanks/ToonTanksV1/Content/AssetsvilleTown/Meshes/GroundTilset/SM_sidewalk_01_trim.uasset" 377
"G:/Unreal Projects/UE4Tanks/ToonTanksV1/Content/AssetsvilleTown/Meshes/GroundTilset/SM_sidewalk_01_rainDrain.uasset" 378
"G:/Unreal Projects/UE4Tanks/ToonTanksV1/Content/AssetsvilleTown/Meshes/GroundTilset/SM_sidewalk_01_driveInDirt.uasset" 379
"G:/Unreal Projects/UE4Tanks/ToonTanksV1/Content/AssetsvilleTown/Meshes/GroundTilset/SM_sidewalk_01_driveIn.uasset" 380
"G:/Unreal Projects/UE4Tanks/ToonTanksV1/Content/AssetsvilleTown/Meshes/GroundTilset/SM_sidewalk_01_cornerIn.uasset" 381
"G:/Unreal Projects/UE4Tanks/ToonTanksV1/Content/AssetsvilleTown/Meshes/GroundTilset/SM_sidewalk_01_corner.uasset" 382
"G:/Unreal Projects/UE4Tanks/ToonTanksV1/Content/AssetsvilleTown/Meshes/GroundTilset/SM_sidewalk_01_base.uasset" 383
"G:/Unreal Projects/UE4Tanks/ToonTanksV1/Content/AssetsvilleTown/Meshes/GroundTilset/SM_sidewalk_01.uasset" 384
"G:/Unreal Projects/UE4Tanks/ToonTanksV1/Content/AssetsvilleTown/Meshes/GroundTilset/SM_road_04_quarter.uasset" 385
"G:/Unreal Projects/UE4Tanks/ToonTanksV1/Content/AssetsvilleTown/Meshes/GroundTilset/SM_road_00.uasset" 386
"G:/Unreal Projects/UE4Tanks/ToonTanksV1/Content/AssetsvilleTown/Meshes/GroundTilset/SM_parkingSpot_02.uasset" 387
"G:/Unreal Projects/UE4Tanks/ToonTanksV1/Content/AssetsvilleTown/Meshes/GroundTilset/SM_parcel_road_01.uasset" 388
"G:/Unreal Projects/UE4Tanks/ToonTanksV1/Content/AssetsvilleTown/Meshes/GroundTilset/SM_parcel_baseballPitch.uasset" 389
"G:/Unreal Projects/UE4Tanks/ToonTanksV1/Content/AssetsvilleTown/Meshes/GroundTilset/SM_parcel_02.uasset" 390
"G:/Unreal Projects/UE4Tanks/ToonTanksV1/Content/AssetsvilleTown/Meshes/GroundTilset/SM_parcel_01.uasset" 391
"G:/Unreal Projects/UE4Tanks/ToonTanksV1/Content/AssetsvilleTown/Meshes/GroundTilset/SM_grassHill_01.uasset" 392
"G:/Unreal Projects/UE4Tanks/ToonTanksV1/Content/AssetsvilleTown/Meshes/GroundTilset/SM_grass_00.uasset" 393
"G:/Unreal Projects/UE4Tanks/ToonTanksV1/Content/AssetsvilleTown/Meshes/GroundTilset/SM_dirtEdge_01_cornerIn.uasset" 394
"G:/Unreal Projects/UE4Tanks/ToonTanksV1/Content/AssetsvilleTown/Meshes/GroundTilset/SM_dirtEdge_01_corner.uasset" 395
"G:/Unreal Projects/UE4Tanks/ToonTanksV1/Content/AssetsvilleTown/Meshes/GroundTilset/SM_dirtEdge_01.uasset" 396
"G:/Unreal Projects/UE4Tanks/ToonTanksV1/Content/AssetsvilleTown/Textures/Tiled/T_wallpaper_01_blue.uasset" 397
"G:/Unreal Projects/UE4Tanks/ToonTanksV1/Content/AssetsvilleTown/Materials/MI_Wallpaper_01_blue.uasset" 398
"G:/Unreal Projects/UE4Tanks/ToonTanksV1/Content/AssetsvilleTown/Textures/Tiled/T_brickSmall_01_red.uasset" 399
"G:/Unreal Projects/UE4Tanks/ToonTanksV1/Content/AssetsvilleTown/Materials/MI_BrickSmall_01_red.uasset" 400
"G:/Unreal Projects/UE4Tanks/ToonTanksV1/Content/AssetsvilleTown/Meshes/BuildingTilset/SM_window_14.uasset" 401
"G:/Unreal Projects/UE4Tanks/ToonTanksV1/Content/AssetsvilleTown/Materials/MI_Planks_01.uasset" 402
"G:/Unreal Projects/UE4Tanks/ToonTanksV1/Content/AssetsvilleTown/Textures/Tiled/T_panels_01_white.uasset" 403
"G:/Unreal Projects/UE4Tanks/ToonTanksV1/Content/AssetsvilleTown/Materials/MI_Panels_01_white.uasset" 404
"G:/Unreal Projects/UE4Tanks/ToonTanksV1/Content/AssetsvilleTown/Meshes/BuildingTilset/SM_window_13.uasset" 405
"G:/Unreal Projects/UE4Tanks/ToonTanksV1/Content/AssetsvilleTown/Meshes/BuildingTilset/SM_window_12.uasset" 406
"G:/Unreal Projects/UE4Tanks/ToonTanksV1/Content/AssetsvilleTown/Meshes/BuildingTilset/SM_window_11.uasset" 407
"G:/Unreal Projects/UE4Tanks/ToonTanksV1/Content/AssetsvilleTown/Meshes/BuildingTilset/SM_window_06.uasset" 408
"G:/Unreal Projects/UE4Tanks/ToonTanksV1/Content/AssetsvilleTown/Meshes/BuildingTilset/SM_window_05_half.uasset" 409
"G:/Unreal Projects/UE4Tanks/ToonTanksV1/Content/AssetsvilleTown/Meshes/BuildingTilset/SM_window_05.uasset" 410
"G:/Unreal Projects/UE4Tanks/ToonTanksV1/Content/AssetsvilleTown/Meshes/BuildingTilset/SM_window_04.uasset" 411
"G:/Unreal Projects/UE4Tanks/ToonTanksV1/Content/AssetsvilleTown/Meshes/BuildingTilset/SM_window_03_offset.uasset" 412
"G:/Unreal Projects/UE4Tanks/ToonTanksV1/Content/AssetsvilleTown/Meshes/BuildingTilset/SM_window_03.uasset" 413
"G:/Unreal Projects/UE4Tanks/ToonTanksV1/Content/AssetsvilleTown/Meshes/BuildingTilset/SM_window_02_long.uasset" 414
"G:/Unreal Projects/UE4Tanks/ToonTanksV1/Content/AssetsvilleTown/Meshes/BuildingTilset/SM_window_01.uasset" 415
"G:/Unreal Projects/UE4Tanks/ToonTanksV1/Content/AssetsvilleTown/Meshes/BuildingTilset/SM_wallGarageDoor_01_double.uasset" 416
"G:/Unreal Projects/UE4Tanks/ToonTanksV1/Content/AssetsvilleTown/Meshes/BuildingTilset/SM_wallGarageDoor_01.uasset" 417
"G:/Unreal Projects/UE4Tanks/ToonTanksV1/Content/AssetsvilleTown/Meshes/BuildingTilset/SM_wallDoor_02.uasset" 418
"G:/Unreal Projects/UE4Tanks/ToonTanksV1/Content/AssetsvilleTown/Meshes/BuildingTilset/SM_wallDoor_01_half.uasset" 419
"G:/Unreal Projects/UE4Tanks/ToonTanksV1/Content/AssetsvilleTown/Meshes/BuildingTilset/SM_wallDoor_01.uasset" 420
"G:/Unreal Projects/UE4Tanks/ToonTanksV1/Content/AssetsvilleTown/Meshes/BuildingTilset/SM_wallAttic_02_half.uasset" 421
"G:/Unreal Projects/UE4Tanks/ToonTanksV1/Content/AssetsvilleTown/Meshes/BuildingTilset/SM_wallAttic_02_corner.uasset" 422
"G:/Unreal Projects/UE4Tanks/ToonTanksV1/Content/AssetsvilleTown/Meshes/BuildingTilset/SM_wallAttic_02.uasset" 423
"G:/Unreal Projects/UE4Tanks/ToonTanksV1/Content/AssetsvilleTown/Meshes/BuildingTilset/SM_wall_02.uasset" 424
"G:/Unreal Projects/UE4Tanks/ToonTanksV1/Content/AssetsvilleTown/Meshes/BuildingTilset/SM_wall_01_half.uasset" 425
"G:/Unreal Projects/UE4Tanks/ToonTanksV1/Content/AssetsvilleTown/Meshes/BuildingTilset/SM_wall_01.uasset" 426
"G:/Unreal Projects/UE4Tanks/ToonTanksV1/Content/AssetsvilleTown/Meshes/BuildingTilset/SM_veranda_02_short.uasset" 427
"G:/Unreal Projects/UE4Tanks/ToonTanksV1/Content/AssetsvilleTown/Meshes/BuildingTilset/SM_veranda_02.uasset" 428
"G:/Unreal Projects/UE4Tanks/ToonTanksV1/Content/AssetsvilleTown/Meshes/BuildingTilset/SM_veranda_01.uasset" 429
"G:/Unreal Projects/UE4Tanks/ToonTanksV1/Content/AssetsvilleTown/Meshes/BuildingTilset/SM_veranda02_roofExtra.uasset" 430
"G:/Unreal Projects/UE4Tanks/ToonTanksV1/Content/AssetsvilleTown/Meshes/BuildingTilset/SM_StairsU_01_railEnd.uasset" 431
"G:/Unreal Projects/UE4Tanks/ToonTanksV1/Content/AssetsvilleTown/Meshes/BuildingTilset/SM_StairsU_01_rail.uasset" 432
"G:/Unreal Projects/UE4Tanks/ToonTanksV1/Content/AssetsvilleTown/Textures/Tiled/T_brickSmall_Interior_01_Red.uasset" 433
"G:/Unreal Projects/UE4Tanks/ToonTanksV1/Content/AssetsvilleTown/Materials/MI_BrickSmall_Interior.uasset" 434
"G:/Unreal Projects/UE4Tanks/ToonTanksV1/Content/AssetsvilleTown/Meshes/BuildingTilset/SM_StairsU_01_blindTall.uasset" 435
"G:/Unreal Projects/UE4Tanks/ToonTanksV1/Content/AssetsvilleTown/Meshes/BuildingTilset/SM_StairsU_01_blind.uasset" 436
"G:/Unreal Projects/UE4Tanks/ToonTanksV1/Content/AssetsvilleTown/Meshes/BuildingTilset/SM_stairsU_01.uasset" 437
"G:/Unreal Projects/UE4Tanks/ToonTanksV1/Content/AssetsvilleTown/Meshes/BuildingTilset/SM_stairsSmall_01.uasset" 438
"G:/Unreal Projects/UE4Tanks/ToonTanksV1/Content/AssetsvilleTown/Meshes/BuildingTilset/SM_stairsRamp_01.uasset" 439
"G:/Unreal Projects/UE4Tanks/ToonTanksV1/Content/AssetsvilleTown/Meshes/BuildingTilset/SM_shopTop_01.uasset" 440
"G:/Unreal Projects/UE4Tanks/ToonTanksV1/Content/AssetsvilleTown/Meshes/InteriorProps/House/SM_Towels_01.uasset" 441
"G:/Unreal Projects/UE4Tanks/ToonTanksV1/Content/AssetsvilleTown/Meshes/InteriorProps/House/SM_sponge_01.uasset" 442
"G:/Unreal Projects/UE4Tanks/ToonTanksV1/Content/AssetsvilleTown/Meshes/InteriorProps/House/SM_sofa_05.uasset" 443
"G:/Unreal Projects/UE4Tanks/ToonTanksV1/Content/AssetsvilleTown/Meshes/InteriorProps/House/SM_Sofa_03.uasset" 444
"G:/Unreal Projects/UE4Tanks/ToonTanksV1/Content/AssetsvilleTown/Meshes/InteriorProps/House/SM_Sofa_02.uasset" 445
"G:/Unreal Projects/UE4Tanks/ToonTanksV1/Content/AssetsvilleTown/Meshes/InteriorProps/House/SM_Sofa_01.uasset" 446
"G:/Unreal Projects/UE4Tanks/ToonTanksV1/Content/AssetsvilleTown/Meshes/InteriorProps/House/SM_Safe_01.uasset" 447
"G:/Unreal Projects/UE4Tanks/ToonTanksV1/Content/AssetsvilleTown/Meshes/InteriorProps/House/SM_foodSoda.uasset" 448
"G:/Unreal Projects/UE4Tanks/ToonTanksV1/Content/AssetsvilleTown/Meshes/InteriorProps/House/SM_foodSaltPepper.uasset" 449
"G:/Unreal Projects/UE4Tanks/ToonTanksV1/Content/AssetsvilleTown/Meshes/InteriorProps/House/SM_foodPizza.uasset" 450
"G:/Unreal Projects/UE4Tanks/ToonTanksV1/Content/AssetsvilleTown/Meshes/InteriorProps/House/SM_foodCoffee.uasset" 451
"G:/Unreal Projects/UE4Tanks/ToonTanksV1/Content/AssetsvilleTown/Meshes/InteriorProps/House/SM_firePlace_01.uasset" 452
"G:/Unreal Projects/UE4Tanks/ToonTanksV1/Content/AssetsvilleTown/Meshes/InteriorProps/House/SM_electricGuitar_01.uasset" 453
"G:/Unreal Projects/UE4Tanks/ToonTanksV1/Content/AssetsvilleTown/Meshes/InteriorProps/House/SM_eggTimer.uasset" 454
"G:/Unreal Projects/UE4Tanks/ToonTanksV1/Content/AssetsvilleTown/Meshes/InteriorProps/House/SM_curtains_03.uasset" 455
"G:/Unreal Projects/UE4Tanks/ToonTanksV1/Content/AssetsvilleTown/Meshes/InteriorProps/House/SM_curtains_02.uasset" 456
"G:/Unreal Projects/UE4Tanks/ToonTanksV1/Content/AssetsvilleTown/Meshes/InteriorProps/House/SM_curtains_01.uasset" 457
"G:/Unreal Projects/UE4Tanks/ToonTanksV1/Content/AssetsvilleTown/Meshes/InteriorProps/House/SM_Cupboard_05.uasset" 458
"G:/Unreal Projects/UE4Tanks/ToonTanksV1/Content/AssetsvilleTown/Meshes/InteriorProps/House/SM_Cupboard_04.uasset" 459
"G:/Unreal Projects/UE4Tanks/ToonTanksV1/Content/AssetsvilleTown/Meshes/InteriorProps/House/SM_Cupboard_01.uasset" 460
"G:/Unreal Projects/UE4Tanks/ToonTanksV1/Content/AssetsvilleTown/Meshes/InteriorProps/House/SM_Cup_03.uasset" 461
"G:/Unreal Projects/UE4Tanks/ToonTanksV1/Content/AssetsvilleTown/Meshes/InteriorProps/House/SM_Cup_02.uasset" 462
"G:/Unreal Projects/UE4Tanks/ToonTanksV1/Content/AssetsvilleTown/Meshes/InteriorProps/House/SM_Cup_01.uasset" 463
"G:/Unreal Projects/UE4Tanks/ToonTanksV1/Content/AssetsvilleTown/Meshes/InteriorProps/House/SM_champagneSet.uasset" 464
"G:/Unreal Projects/UE4Tanks/ToonTanksV1/Content/AssetsvilleTown/Meshes/InteriorProps/House/SM_Chair_01.uasset" 465
"G:/Unreal Projects/UE4Tanks/ToonTanksV1/Content/AssetsvilleTown/Meshes/BuildingTilset/SM_shopFront_03.uasset" 466
"G:/Unreal Projects/UE4Tanks/ToonTanksV1/Content/AssetsvilleTown/Meshes/BuildingTilset/SM_shopFront_01.uasset" 467
"G:/Unreal Projects/UE4Tanks/ToonTanksV1/Content/AssetsvilleTown/Meshes/BuildingTilset/SM_roof_churchTop.uasset" 468
"G:/Unreal Projects/UE4Tanks/ToonTanksV1/Content/AssetsvilleTown/Meshes/BuildingTilset/SM_roof_04_ending.uasset" 469
"G:/Unreal Projects/UE4Tanks/ToonTanksV1/Content/AssetsvilleTown/Meshes/BuildingTilset/SM_roof_04.uasset" 470
"G:/Unreal Projects/UE4Tanks/ToonTanksV1/Content/AssetsvilleTown/Meshes/BuildingTilset/SM_roof_03_ending.uasset" 471
"G:/Unreal Projects/UE4Tanks/ToonTanksV1/Content/AssetsvilleTown/Meshes/BuildingTilset/SM_roof_03_corner.uasset" 472
"G:/Unreal Projects/UE4Tanks/ToonTanksV1/Content/AssetsvilleTown/Meshes/BuildingTilset/SM_roof_03.uasset" 473
"G:/Unreal Projects/UE4Tanks/ToonTanksV1/Content/AssetsvilleTown/Meshes/BuildingTilset/SM_roof_01_side.uasset" 474
"G:/Unreal Projects/UE4Tanks/ToonTanksV1/Content/AssetsvilleTown/Meshes/BuildingTilset/SM_roof_01_corner.uasset" 475
"G:/Unreal Projects/UE4Tanks/ToonTanksV1/Content/AssetsvilleTown/Meshes/BuildingTilset/SM_roof_01.uasset" 476
"G:/Unreal Projects/UE4Tanks/ToonTanksV1/Content/AssetsvilleTown/Meshes/BuildingTilset/SM_pillar_4m_corner.uasset" 477
"G:/Unreal Projects/UE4Tanks/ToonTanksV1/Content/AssetsvilleTown/Meshes/BuildingTilset/SM_pillar_01_half.uasset" 478
"G:/Unreal Projects/UE4Tanks/ToonTanksV1/Content/AssetsvilleTown/Meshes/BuildingTilset/SM_pillar_01_corner.uasset" 479
"G:/Unreal Projects/UE4Tanks/ToonTanksV1/Content/AssetsvilleTown/Meshes/BuildingTilset/SM_pillar_01.uasset" 480
"G:/Unreal Projects/UE4Tanks/ToonTanksV1/Content/AssetsvilleTown/Materials/MI_matteWhite.uasset" 481
"G:/Unreal Projects/UE4Tanks/ToonTanksV1/Content/AssetsvilleTown/Meshes/BuildingTilset/SM_floor_02_quarter.uasset" 482
"G:/Unreal Projects/UE4Tanks/ToonTanksV1/Content/AssetsvilleTown/Meshes/BuildingTilset/SM_floor_02.uasset" 483
"G:/Unreal Projects/UE4Tanks/ToonTanksV1/Content/AssetsvilleTown/Meshes/BuildingTilset/SM_floor_01_quarterConnector.uasset" 484
"G:/Unreal Projects/UE4Tanks/ToonTanksV1/Content/AssetsvilleTown/Meshes/BuildingTilset/SM_floor_01.uasset" 485
"G:/Unreal Projects/UE4Tanks/ToonTanksV1/Content/AssetsvilleTown/Meshes/BuildingTilset/SM_drainPipe_ending.uasset" 486
"G:/Unreal Projects/UE4Tanks/ToonTanksV1/Content/AssetsvilleTown/Meshes/BuildingTilset/SM_drainPipe_02.uasset" 487
"G:/Unreal Projects/UE4Tanks/ToonTanksV1/Content/AssetsvilleTown/Meshes/BuildingTilset/SM_drainPipe.uasset" 488
"G:/Unreal Projects/UE4Tanks/ToonTanksV1/Content/AssetsvilleTown/Materials/MI_matteDarkGrey.uasset" 489
"G:/Unreal Projects/UE4Tanks/ToonTanksV1/Content/AssetsvilleTown/Meshes/BuildingTilset/SM_doorShop_01.uasset" 490
"G:/Unreal Projects/UE4Tanks/ToonTanksV1/Content/AssetsvilleTown/Meshes/BuildingTilset/SM_doorHouse_02.uasset" 491
"G:/Unreal Projects/UE4Tanks/ToonTanksV1/Content/AssetsvilleTown/Meshes/BuildingTilset/SM_doorHouse_01.uasset" 492
"G:/Unreal Projects/UE4Tanks/ToonTanksV1/Content/AssetsvilleTown/Meshes/BuildingTilset/SM_doorFrame_02.uasset" 493
"G:/Unreal Projects/UE4Tanks/ToonTanksV1/Content/AssetsvilleTown/Materials/MI_matteDarkBrown.uasset" 494
"G:/Unreal Projects/UE4Tanks/ToonTanksV1/Content/AssetsvilleTown/Meshes/BuildingTilset/SM_doorFrame_01.uasset" 495
"G:/Unreal Projects/UE4Tanks/ToonTanksV1/Content/AssetsvilleTown/Meshes/BuildingTilset/SM_beam_01_tripple.uasset" 496
"G:/Unreal Projects/UE4Tanks/ToonTanksV1/Content/AssetsvilleTown/Meshes/BuildingTilset/SM_bars_01_door.uasset" 497
"G:/Unreal Projects/UE4Tanks/ToonTanksV1/Content/AssetsvilleTown/Meshes/BuildingTilset/SM_bars_01.uasset" 498
"G:/Unreal Projects/UE4Tanks/ToonTanksV1/Content/AssetsvilleTown/Textures/Tiled/T_wallpaper_01_yellow.uasset" 499
"G:/Unreal Projects/UE4Tanks/ToonTanksV1/Content/AssetsvilleTown/Materials/MI_Wallpaper_01_yellow.uasset" 500
"G:/Unreal Projects/UE4Tanks/ToonTanksV1/Content/AssetsvilleTown/Textures/Tiled/T_tiles_wall_01.uasset" 501
"G:/Unreal Projects/UE4Tanks/ToonTanksV1/Content/AssetsvilleTown/Materials/MI_Tiles_Wall_01.uasset" 502
"G:/Unreal Projects/UE4Tanks/ToonTanksV1/Content/AssetsvilleTown/Textures/Tiled/T_tiles_02.uasset" 503
"G:/Unreal Projects/UE4Tanks/ToonTanksV1/Content/AssetsvilleTown/Materials/MI_Tiles_02.uasset" 504
"G:/Unreal Projects/UE4Tanks/ToonTanksV1/Content/AssetsvilleTown/Textures/Tiled/T_panels_01_grey.uasset" 505
"G:/Unreal Projects/UE4Tanks/ToonTanksV1/Content/AssetsvilleTown/Materials/MI_Panels_01_grey.uasset" 506
"G:/Unreal Projects/UE4Tanks/ToonTanksV1/Content/AssetsvilleTown/Textures/Tiled/T_panels_01_brown.uasset" 507
"G:/Unreal Projects/UE4Tanks/ToonTanksV1/Content/AssetsvilleTown/Materials/MI_Panels_01_brown.uasset" 508
"G:/Unreal Projects/UE4Tanks/ToonTanksV1/Content/AssetsvilleTown/Meshes/Buildings/SM_buildingTrailerHouse_02.uasset" 509
"G:/Unreal Projects/UE4Tanks/ToonTanksV1/Content/AssetsvilleTown/Textures/Tiled/T_wallpaper_23.uasset" 510
"G:/Unreal Projects/UE4Tanks/ToonTanksV1/Content/AssetsvilleTown/Materials/MI_Wallpaper_23.uasset" 511
"G:/Unreal Projects/UE4Tanks/ToonTanksV1/Content/AssetsvilleTown/Textures/Tiled/T_wallpaper_20.uasset" 512
"G:/Unreal Projects/UE4Tanks/ToonTanksV1/Content/AssetsvilleTown/Materials/MI_Wallpaper_20.uasset" 513
"G:/Unreal Projects/UE4Tanks/ToonTanksV1/Content/AssetsvilleTown/Textures/Tiled/T_wallpaper_17.uasset" 514
"G:/Unreal Projects/UE4Tanks/ToonTanksV1/Content/AssetsvilleTown/Materials/MI_Wallpaper_17.uasset" 515
"G:/Unreal Projects/UE4Tanks/ToonTanksV1/Content/AssetsvilleTown/Textures/Tiled/T_wallpaper_16.uasset" 516
"G:/Unreal Projects/UE4Tanks/ToonTanksV1/Content/AssetsvilleTown/Materials/MI_Wallpaper_16.uasset" 517
"G:/Unreal Projects/UE4Tanks/ToonTanksV1/Content/AssetsvilleTown/Textures/Tiled/T_wallpaper_15.uasset" 518
"G:/Unreal Projects/UE4Tanks/ToonTanksV1/Content/AssetsvilleTown/Materials/MI_Wallpaper_15.uasset" 519
"G:/Unreal Projects/UE4Tanks/ToonTanksV1/Content/AssetsvilleTown/Textures/Tiled/T_wallpaper_13.uasset" 520
"G:/Unreal Projects/UE4Tanks/ToonTanksV1/Content/AssetsvilleTown/Materials/MI_Wallpaper_13.uasset" 521
"G:/Unreal Projects/UE4Tanks/ToonTanksV1/Content/AssetsvilleTown/Textures/Tiled/T_wallpaper_12.uasset" 522
"G:/Unreal Projects/UE4Tanks/ToonTanksV1/Content/AssetsvilleTown/Materials/MI_Wallpaper_12.uasset" 523
"G:/Unreal Projects/UE4Tanks/ToonTanksV1/Content/AssetsvilleTown/Textures/Tiled/T_wallpaper_11.uasset" 524
"G:/Unreal Projects/UE4Tanks/ToonTanksV1/Content/AssetsvilleTown/Materials/MI_Wallpaper_11.uasset" 525
"G:/Unreal Projects/UE4Tanks/ToonTanksV1/Content/AssetsvilleTown/Textures/Tiled/T_wallpaper_10.uasset" 526
"G:/Unreal Projects/UE4Tanks/ToonTanksV1/Content/AssetsvilleTown/Materials/MI_Wallpaper_10.uasset" 527
"G:/Unreal Projects/UE4Tanks/ToonTanksV1/Content/AssetsvilleTown/Textures/Tiled/T_wallpaper_02.uasset" 528
"G:/Unreal Projects/UE4Tanks/ToonTanksV1/Content/AssetsvilleTown/Materials/MI_Wallpaper_02.uasset" 529
"G:/Unreal Projects/UE4Tanks/ToonTanksV1/Content/AssetsvilleTown/Textures/Tiled/T_tiles_wall_10.uasset" 530
"G:/Unreal Projects/UE4Tanks/ToonTanksV1/Content/AssetsvilleTown/Materials/MI_Tiles_Wall_10.uasset" 531
"G:/Unreal Projects/UE4Tanks/ToonTanksV1/Content/AssetsvilleTown/Textures/Tiled/T_tiles_wall_09.uasset" 532
"G:/Unreal Projects/UE4Tanks/ToonTanksV1/Content/AssetsvilleTown/Materials/MI_Tiles_Wall_09.uasset" 533
"G:/Unreal Projects/UE4Tanks/ToonTanksV1/Content/AssetsvilleTown/Textures/Tiled/T_tiles_wall_04.uasset" 534
"G:/Unreal Projects/UE4Tanks/ToonTanksV1/Content/AssetsvilleTown/Materials/MI_Tiles_Wall_04.uasset" 535
"G:/Unreal Projects/UE4Tanks/ToonTanksV1/Content/AssetsvilleTown/Textures/Tiled/T_tiles_wall_02.uasset" 536
"G:/Unreal Projects/UE4Tanks/ToonTanksV1/Content/AssetsvilleTown/Materials/MI_Tiles_Wall_02.uasset" 537
"G:/Unreal Projects/UE4Tanks/ToonTanksV1/Content/AssetsvilleTown/Textures/Tiled/T_tiles_wall_01_blue.uasset" 538
"G:/Unreal Projects/UE4Tanks/ToonTanksV1/Content/AssetsvilleTown/Materials/MI_tiles_wall_01_blue.uasset" 539
"G:/Unreal Projects/UE4Tanks/ToonTanksV1/Content/AssetsvilleTown/Textures/Tiled/T_tiles_09.uasset" 540
"G:/Unreal Projects/UE4Tanks/ToonTanksV1/Content/AssetsvilleTown/Materials/MI_Tiles_09.uasset" 541
"G:/Unreal Projects/UE4Tanks/ToonTanksV1/Content/AssetsvilleTown/Textures/Tiled/T_tiles_08.uasset" 542
"G:/Unreal Projects/UE4Tanks/ToonTanksV1/Content/AssetsvilleTown/Materials/MI_Tiles_08.uasset" 543
"G:/Unreal Projects/UE4Tanks/ToonTanksV1/Content/AssetsvilleTown/Textures/Tiled/T_tiles_06.uasset" 544
"G:/Unreal Projects/UE4Tanks/ToonTanksV1/Content/AssetsvilleTown/Materials/MI_Tiles_06.uasset" 545
"G:/Unreal Projects/UE4Tanks/ToonTanksV1/Content/AssetsvilleTown/Textures/Tiled/T_tiles_05.uasset" 546
"G:/Unreal Projects/UE4Tanks/ToonTanksV1/Content/AssetsvilleTown/Materials/MI_Tiles_05.uasset" 547
"G:/Unreal Projects/UE4Tanks/ToonTanksV1/Content/AssetsvilleTown/Textures/Tiled/T_tiles_04.uasset" 548
"G:/Unreal Projects/UE4Tanks/ToonTanksV1/Content/AssetsvilleTown/Materials/MI_Tiles_04.uasset" 549
"G:/Unreal Projects/UE4Tanks/ToonTanksV1/Content/AssetsvilleTown/Textures/Tiled/T_tiles_01.uasset" 550
"G:/Unreal Projects/UE4Tanks/ToonTanksV1/Content/AssetsvilleTown/Materials/MI_Tiles_01.uasset" 551
"G:/Unreal Projects/UE4Tanks/ToonTanksV1/Content/AssetsvilleTown/Textures/Tiled/T_planks_04.uasset" 552
"G:/Unreal Projects/UE4Tanks/ToonTanksV1/Content/AssetsvilleTown/Materials/MI_Planks_04.uasset" 553
"G:/Unreal Projects/UE4Tanks/ToonTanksV1/Content/AssetsvilleTown/Textures/Tiled/T_planks_03.uasset" 554
"G:/Unreal Projects/UE4Tanks/ToonTanksV1/Content/AssetsvilleTown/Materials/MI_Planks_03.uasset" 555
"G:/Unreal Projects/UE4Tanks/ToonTanksV1/Content/AssetsvilleTown/Textures/Tiled/T_parquet_05_dark.uasset" 556
"G:/Unreal Projects/UE4Tanks/ToonTanksV1/Content/AssetsvilleTown/Materials/MI_Parquet_02.uasset" 557
"G:/Unreal Projects/UE4Tanks/ToonTanksV1/Content/AssetsvilleTown/Textures/Tiled/T_parquet_01.uasset" 558
"G:/Unreal Projects/UE4Tanks/ToonTanksV1/Content/AssetsvilleTown/Materials/MI_Parquet_01.uasset" 559
"G:/Unreal Projects/UE4Tanks/ToonTanksV1/Content/AssetsvilleTown/Textures/Tiled/T_panels_02.uasset" 560
"G:/Unreal Projects/UE4Tanks/ToonTanksV1/Content/AssetsvilleTown/Materials/MI_Panels_02.uasset" 561
"G:/Unreal Projects/UE4Tanks/ToonTanksV1/Content/AssetsvilleTown/Materials/MI_matteYellow.uasset" 562
"G:/Unreal Projects/UE4Tanks/ToonTanksV1/Content/AssetsvilleTown/Materials/MI_matteViolet.uasset" 563
"G:/Unreal Projects/UE4Tanks/ToonTanksV1/Content/AssetsvilleTown/Materials/MI_matteGrey.uasset" 564
"G:/Unreal Projects/UE4Tanks/ToonTanksV1/Content/AssetsvilleTown/Textures/Foliage/T_leaf_01a.uasset" 565
"G:/Unreal Projects/UE4Tanks/ToonTanksV1/Content/AssetsvilleTown/Materials/MI_Leaf_01a.uasset" 566
"G:/Unreal Projects/UE4Tanks/ToonTanksV1/Content/AssetsvilleTown/Materials/MI_glossyWhite.uasset" 567
"G:/Unreal Projects/UE4Tanks/ToonTanksV1/Content/AssetsvilleTown/Textures/Tiled/T_ceiling_01.uasset" 568
"G:/Unreal Projects/UE4Tanks/ToonTanksV1/Content/AssetsvilleTown/Materials/MI_Ceiling_01.uasset" 569
"G:/Unreal Projects/UE4Tanks/ToonTanksV1/Content/AssetsvilleTown/Textures/Tiled/T_brickSmall_02_InteriorWhiteGreen.uasset" 570
"G:/Unreal Projects/UE4Tanks/ToonTanksV1/Content/AssetsvilleTown/Materials/MI_BrickSmall_Interior_02_WhiteGreen.uasset" 571
"G:/Unreal Projects/UE4Tanks/ToonTanksV1/Content/AssetsvilleTown/Textures/Tiled/T_brickSmall_01_yellow.uasset" 572
"G:/Unreal Projects/UE4Tanks/ToonTanksV1/Content/AssetsvilleTown/Materials/MI_BrickSmall_01_yellow.uasset" 573
"G:/Unreal Projects/UE4Tanks/ToonTanksV1/Content/AssetsvilleTown/Textures/Tiled/T_brickLarge_01_white.uasset" 574
"G:/Unreal Projects/UE4Tanks/ToonTanksV1/Content/AssetsvilleTown/Materials/MI_BrickLarge_01_white.uasset" 575
"../../../Engine/Content/EngineFonts/Faces/DroidSansMono.uasset" 576
"../../../Engine/Content/EngineFonts/DroidSansMono.uasset" 577
"G:/Unreal Projects/UE4Tanks/ToonTanksV1/Content/Blueprints/HUD/WBP_StartGameHUD.uasset" 578
"G:/Unreal Projects/UE4Tanks/ToonTanksV1/Content/Blueprints/HUD/WBP_EndGame.uasset" 579
"G:/Unreal Projects/UE4Tanks/ToonTanksV1/Content/Blueprints/BP_ToonTanksPlayerController.uasset" 580
"G:/Unreal Projects/UE4Tanks/ToonTanksV1/Content/Assets/Materials/M_EmissiveBase.uasset" 581
"G:/Unreal Projects/UE4Tanks/ToonTanksV1/Content/Assets/Materials/M_EmissiveGreen_Inst.uasset" 582
"G:/Unreal Projects/UE4Tanks/ToonTanksV1/Content/Assets/Textures/T_ColourGrid.uasset" 583
"G:/Unreal Projects/UE4Tanks/ToonTanksV1/Content/Assets/Materials/M_TextureBase.uasset" 584
"G:/Unreal Projects/UE4Tanks/ToonTanksV1/Content/Assets/Materials/M_Texture_Inst.uasset" 585
"G:/Unreal Projects/UE4Tanks/ToonTanksV1/Content/Assets/Meshes/SM_TankTurret.uasset" 586
"G:/Unreal Projects/UE4Tanks/ToonTanksV1/Content/Assets/Audio/151713__bowlingballout__pvc-rocket-cannon.uasset" 587
"G:/Unreal Projects/UE4Tanks/ToonTanksV1/Content/Assets/Audio/Cue_FireAudio.uasset" 588
"G:/Unreal Projects/UE4Tanks/ToonTanksV1/Content/Assets/Audio/Explode_Audio.uasset" 589
"G:/Unreal Projects/UE4Tanks/ToonTanksV1/Content/Assets/Materials/M_ParticleBase.uasset" 590
"G:/Unreal Projects/UE4Tanks/ToonTanksV1/Content/Assets/Materials/M_Particle_Inst.uasset" 591
"G:/Unreal Projects/UE4Tanks/ToonTanksV1/Content/Assets/Meshes/SM_Sphere.uasset" 592
"G:/Unreal Projects/UE4Tanks/ToonTanksV1/Content/Assets/Effects/P_DeathEffect.uasset" 593
"G:/Unreal Projects/UE4Tanks/ToonTanksV1/Content/Assets/Meshes/SM_TankBase.uasset" 594
"G:/Unreal Projects/UE4Tanks/ToonTanksV1/Content/Blueprints/HUD/WBP_PauseSettings.uasset" 595
"G:/Unreal Projects/UE4Tanks/ToonTanksV1/Content/Blueprints/HUD/WBP_Pause.uasset" 596
"../../../Engine/Content/Functions/Engine_MaterialFunctions02/ExampleContent/Textures/WindTurblenceVectorAndGustMagnitude.uasset" 597
"G:/Unreal Projects/UE4Tanks/ToonTanksV1/Content/Blueprints/HUD/WBP_HUD.uasset" 598
"G:/Unreal Projects/UE4Tanks/ToonTanksV1/Content/Assets/Materials/M_EmissiveRed_Inst.uasset" 599
"G:/Unreal Projects/UE4Tanks/ToonTanksV1/Content/Assets/Meshes/SM_Projectile.uasset" 600
"G:/Unreal Projects/UE4Tanks/ToonTanksV1/Content/Assets/Audio/Thud_Audio.uasset" 601
"G:/Unreal Projects/UE4Tanks/ToonTanksV1/Content/Assets/Audio/Cue_HitAudio.uasset" 602
"G:/Unreal Projects/UE4Tanks/ToonTanksV1/Content/Assets/Audio/186931__readeonly__rocket-whistle2.uasset" 603
"G:/Unreal Projects/UE4Tanks/ToonTanksV1/Content/Assets/Audio/Cue_LaunchAudio.uasset" 604
"G:/Unreal Projects/UE4Tanks/ToonTanksV1/Content/Assets/Effects/P_HitEffect.uasset" 605
"G:/Unreal Projects/UE4Tanks/ToonTanksV1/Content/Assets/Effects/P_ProjectileTrail.uasset" 606
"G:/Unreal Projects/UE4Tanks/ToonTanksV1/Content/Blueprints/BP_Projectile.uasset" 607
"G:/Unreal Projects/UE4Tanks/ToonTanksV1/Content/Blueprints/BP_PawnTank.uasset" 608
"G:/Unreal Projects/UE4Tanks/ToonTanksV1/Content/Blueprints/BP_ToonTanksGameMode.uasset" 609
"G:/Unreal Projects/UE4Tanks/ToonTanksV1/Content/Assets/Meshes/SM_TowerBase.uasset" 610
"G:/Unreal Projects/UE4Tanks/ToonTanksV1/Content/Assets/Meshes/SM_TowerTurret.uasset" 611
"G:/Unreal Projects/UE4Tanks/ToonTanksV1/Content/ParagonMinions/FX/VectorFields/Noisy_Turbulence_103.uasset" 612
"G:/Unreal Projects/UE4Tanks/ToonTanksV1/Content/ParagonMinions/FX/Meshes/Shapes/SM_Sphere_Scale_Unit_100.uasset" 613
"../../../Engine/Content/Functions/Engine_MaterialFunctions02/Utility/Sign.uasset" 614
"../../../Engine/Content/Functions/Engine_MaterialFunctions02/Utility/Round.uasset" 615
"../../../Engine/Content/Functions/Engine_MaterialFunctions02/Utility/CustomReflectionVector.uasset" 616
"G:/Unreal Projects/UE4Tanks/ToonTanksV1/Content/ParagonMinions/FX/Textures/Water/T_waterSplash.uasset" 617
"../../../Engine/Content/Functions/Engine_MaterialFunctions02/Utility/MakeFloat4.uasset" 618
"G:/Unreal Projects/UE4Tanks/ToonTanksV1/Content/ParagonMinions/FX/Textures/Energy/Electricity/T_lightning_burst_pack.uasset" 619
"G:/Unreal Projects/UE4Tanks/ToonTanksV1/Content/ParagonMinions/FX/Materials/Functions/MF_ColorMaskPicker.uasset" 620
"G:/Unreal Projects/UE4Tanks/ToonTanksV1/Content/ParagonMinions/FX/Materials/Functions/MF_RandomSubUV_GPUSprites.uasset" 621
"G:/Unreal Projects/UE4Tanks/ToonTanksV1/Content/ParagonMinions/FX/Materials/Functions/FX_EmissiveModulate.uasset" 622
"G:/Unreal Projects/UE4Tanks/ToonTanksV1/Content/ParagonMinions/FX/Textures/Water/T_Water_N1.uasset" 623
"G:/Unreal Projects/UE4Tanks/ToonTanksV1/Content/ParagonMinions/FX/Materials/Functions/MF_SmoothStep.uasset" 624
"../../../Engine/Content/Functions/Engine_MaterialFunctions02/Utility/BlendAngleCorrectedNormals.uasset" 625
"G:/Unreal Projects/UE4Tanks/ToonTanksV1/Content/ParagonMinions/FX/Materials/Water/M_LiquidSplash_SubUV.uasset" 626
"G:/Unreal Projects/UE4Tanks/ToonTanksV1/Content/ParagonMinions/FX/Materials/Water/M_LiquidSplash_SubUV_Inst5.uasset" 627
"G:/Unreal Projects/UE4Tanks/ToonTanksV1/Content/ParagonMinions/FX/Materials/Water/MI_Prime_Energy_Splash.uasset" 628
"G:/Unreal Projects/UE4Tanks/ToonTanksV1/Content/ParagonMinions/FX/Textures/Sparks/T_Spark_Soft.uasset" 629
"G:/Unreal Projects/UE4Tanks/ToonTanksV1/Content/ParagonMinions/FX/Materials/Functions/MF_ParticleRandomSize.uasset" 630
"G:/Unreal Projects/UE4Tanks/ToonTanksV1/Content/ParagonMinions/FX/Materials/Sparks/M_Hotdog_VLerp_DirectionTint.uasset" 631
"G:/Unreal Projects/UE4Tanks/ToonTanksV1/Content/ParagonMinions/FX/Materials/Sparks/M_Hotdog_VLerp_DirectionTint_Minion_Inst.uasset" 632
"G:/Unreal Projects/UE4Tanks/ToonTanksV1/Content/ParagonMinions/FX/Textures/Smoke/Inky/T_ShadowSwirls_v2B.uasset" 633
"../../../Engine/Content/Functions/Engine_MaterialFunctions01/ImageAdjustment/DeriveHDRfromLDR.uasset" 634
"G:/Unreal Projects/UE4Tanks/ToonTanksV1/Content/ParagonMinions/FX/Materials/Smoke/M_Prime_ShadowSmoke.uasset" 635
"G:/Unreal Projects/UE4Tanks/ToonTanksV1/Content/ParagonMinions/FX/Textures/Flares/T_Flare_Spikeball.uasset" 636
"G:/Unreal Projects/UE4Tanks/ToonTanksV1/Content/ParagonMinions/FX/Materials/Flares/M_ArrowFlare.uasset" 637
"G:/Unreal Projects/UE4Tanks/ToonTanksV1/Content/ParagonMinions/FX/Materials/Flares/M_Tomahawk_Glow.uasset" 638
"G:/Unreal Projects/UE4Tanks/ToonTanksV1/Content/ParagonMinions/FX/Materials/Flares/MI_Prime_Basic_Glow.uasset" 639
"G:/Unreal Projects/UE4Tanks/ToonTanksV1/Content/ParagonMinions/FX/Textures/Masks/T_GradientLaserSoft_M.uasset" 640
"G:/Unreal Projects/UE4Tanks/ToonTanksV1/Content/ParagonMinions/FX/Textures/Tile/Noise/T_SmokeRend_N.uasset" 641
"G:/Unreal Projects/UE4Tanks/ToonTanksV1/Content/ParagonMinions/FX/Textures/Masks/T_SoftEdge_M.uasset" 642
"../../../Engine/Content/EngineMaterials/Good64x64TilingNoiseHighFreq.uasset" 643
"../../../Engine/Content/Functions/Engine_MaterialFunctions02/Texturing/ScreenAlignedPixelToPixelUVs.uasset" 644
"../../../Engine/Content/Functions/Engine_MaterialFunctions02/Utility/DitherTemporalAA.uasset" 645
"G:/Unreal Projects/UE4Tanks/ToonTanksV1/Content/ParagonMinions/FX/Materials/Functions/MF_DitheredRefraction.uasset" 646
"G:/Unreal Projects/UE4Tanks/ToonTanksV1/Content/ParagonMinions/FX/Textures/Masks/T_NoisyRamp.uasset" 647
"G:/Unreal Projects/UE4Tanks/ToonTanksV1/Content/ParagonMinions/FX/Textures/Energy/Plasma/T_Turbulence_Seamless.uasset" 648
"G:/Unreal Projects/UE4Tanks/ToonTanksV1/Content/ParagonMinions/FX/Materials/Energy/Plasma/M_TotemBombSwirls.uasset" 649
"G:/Unreal Projects/UE4Tanks/ToonTanksV1/Content/ParagonMinions/FX/Meshes/Shapes/SM_Totem_Bomb_Swirls.uasset" 650
"G:/Unreal Projects/UE4Tanks/ToonTanksV1/Content/ParagonMinions/FX/Textures/FluidPatterns/T_FluidTile01_DA.uasset" 651
"G:/Unreal Projects/UE4Tanks/ToonTanksV1/Content/ParagonMinions/FX/Textures/Energy/Plasma/T_Plasma_Aurora_Seamless.uasset" 652
"G:/Unreal Projects/UE4Tanks/ToonTanksV1/Content/ParagonMinions/FX/Textures/Tile/Noise/T_Smooth_tile.uasset" 653
"G:/Unreal Projects/UE4Tanks/ToonTanksV1/Content/ParagonMinions/FX/Materials/Energy/M_Energy_Sphere_V02.uasset" 654
"G:/Unreal Projects/UE4Tanks/ToonTanksV1/Content/ParagonMinions/FX/Particles/Minions/Prime_Helix/Abilities/PrimaryAttack/FX/Helix_PrimaryImpact.uasset" 655
"G:/Unreal Projects/UE4Tanks/ToonTanksV1/Content/Blueprints/Pickups/BP_PickupTime.uasset" 656
"G:/Unreal Projects/UE4Tanks/ToonTanksV1/Content/Blueprints/Pickups/BP_PickupScore.uasset" 657
"G:/Unreal Projects/UE4Tanks/ToonTanksV1/Content/ParagonMinions/FX/Textures/Environment/T_ML_CleanPlastic01.uasset" 658
"G:/Unreal Projects/UE4Tanks/ToonTanksV1/Content/ParagonMinions/FX/Materials/Icons/M_Val17_Heart_Gloss.uasset" 659
"G:/Unreal Projects/UE4Tanks/ToonTanksV1/Content/ParagonMinions/FX/Meshes/Icons/SM_Heart.uasset" 660
"../../Plugins/FX/Niagara/Content/Enums/ENiagaraCoordinateSpace.uasset" 661
"../../Plugins/FX/Niagara/Content/Functions/Localspace/TransformBase.uasset" 662
"../../Plugins/FX/Niagara/Content/Functions/Localspace/TransformVector.uasset" 663
"../../Plugins/FX/Niagara/Content/Functions/Localspace/SimulationPosition.uasset" 664
"../../Plugins/FX/Niagara/Content/Modules/Spawn/Location/SystemLocation.uasset" 665
"../../Plugins/FX/Niagara/Content/DynamicInputs/Multiply/Multiply_Float.uasset" 666
"../../Plugins/FX/Niagara/Content/DynamicInputs/LinearColor/MultiplyLinearColor.uasset" 667
"G:/Unreal Projects/UE4Tanks/ToonTanksV1/Content/sA_PickupSet_1/Materials/M_Master_Fresnel.uasset" 668
"G:/Unreal Projects/UE4Tanks/ToonTanksV1/Content/sA_PickupSet_1/Materials/MI_Fresnel.uasset" 669
"../../Plugins/FX/Niagara/Content/Functions/Rotation/MultiplyQuaternion.uasset" 670
"../../Plugins/FX/Niagara/Content/Functions/Rotation/AxisAngleToQuaternion.uasset" 671
"../../Plugins/FX/Niagara/Content/Functions/DirectionAndLengthSafe.uasset" 672
"../../Plugins/FX/Niagara/Content/Modules/Solvers/ApplyRotationVector.uasset" 673
"../../Plugins/FX/Niagara/Content/Enums/ENiagaraMeshTransforms.uasset" 674
"../../Plugins/FX/Niagara/Content/Modules/Update/Orientation/V3/UpdateMeshOrientation.uasset" 675
"../../Plugins/FX/Niagara/Content/Functions/System/SystemChangeState.uasset" 676
"../../Plugins/FX/Niagara/Content/Enums/ENiagaraSystemInactiveMode.uasset" 677
"../../Plugins/FX/Niagara/Content/Enums/ENiagara_EmitterStateOptions.uasset" 678
"../../Plugins/FX/Niagara/Content/Modules/System/SystemState.uasset" 679
"../../Plugins/FX/Niagara/Content/Enums/ENiagaraRandomnessMode.uasset" 680
"../../Plugins/FX/Niagara/Content/Functions/GetRandomInfo.uasset" 681
"../../Plugins/FX/Niagara/Content/Functions/RandomRangeFloat.uasset" 682
"../../Plugins/FX/Niagara/Content/DynamicInputs/UniformRange/UniformRangedVector.uasset" 683
"../../Plugins/FX/Niagara/Content/Functions/RandomUnitVector.uasset" 684
"../../Plugins/FX/Niagara/Content/Functions/RandomVector.uasset" 685
"../../Plugins/FX/Niagara/Content/Functions/NormalizeDistanceRange.uasset" 686
"../../Plugins/FX/Niagara/Content/Functions/DistanceBasedFalloff.uasset" 687
"../../Plugins/FX/Niagara/Content/Modules/Spawn/Velocity/AddVelocityFromPoint.uasset" 688
"../../Plugins/FX/Niagara/Content/DynamicInputs/TypeConversions/Vector2DFromFloat.uasset" 689
"../../Plugins/FX/Niagara/Content/Modules/Update/Size/ScaleMeshSize.uasset" 690
"../../Plugins/FX/Niagara/Content/DynamicInputs/UniformRange/UniformRangedFloat.uasset" 691
"../../Plugins/FX/Niagara/Content/DynamicInputs/TypeConversions/VectorFromFloat.uasset" 692
"../../Plugins/FX/Niagara/Content/Enums/ENiagaraTorusDistributionMode.uasset" 693
"../../Plugins/FX/Niagara/Content/Enums/ENiagaraScaleColorMode.uasset" 694
"../../Plugins/FX/Niagara/Content/Enums/ENiagaraInactiveMode.uasset" 695
"../../Plugins/FX/Niagara/Content/Enums/ENiagaraExpansionMode.uasset" 696
"../../Plugins/FX/Niagara/Content/Enums/ENiagaraEmitterScalabilityMode_Limited.uasset" 697
"../../Plugins/FX/Niagara/Content/Enums/ENiagaraEmitterLifeCycleMode.uasset" 698
"../../Plugins/FX/Niagara/Content/Enums/ENiagara_InfiniteLoopDuration.uasset" 699
"../../Plugins/FX/Niagara/Content/Modules/Update/Lifetime/ParticleState.uasset" 700
"../../Plugins/FX/Niagara/Content/Modules/Spawn/Velocity/AddVelocity.uasset" 701
"G:/Unreal Projects/UE4Tanks/ToonTanksV1/Content/sA_PickupSet_1/Models/SM_Pickup_Health.uasset" 702
"../../Plugins/FX/Niagara/Content/Modules/Update/Color/ScaleColor.uasset" 703
"../../Plugins/FX/Niagara/Content/Functions/RandomPointInSphere.uasset" 704
"../../Plugins/FX/Niagara/Content/Modules/Spawn/Location/SphereLocation.uasset" 705
"../../Plugins/FX/Niagara/Content/Modules/Spawn/Initialization/InitializeParticle.uasset" 706
"../../Plugins/FX/Niagara/Content/Modules/Solvers/SolveForcesAndVelocity.uasset" 707
"../../Plugins/FX/Niagara/Content/Enums/ENiagaraRandomnessEvaluation.uasset" 708
"../../Plugins/FX/Niagara/Content/Functions/V2/CalculateRandomRangeFloat.uasset" 709
"../../Plugins/FX/Niagara/Content/Modules/Emitter/SpawnBurst_Instantaneous.uasset" 710
"../../Plugins/FX/Niagara/Content/Functions/Emitter/EmitterChangeState.uasset" 711
"../../Plugins/FX/Niagara/Content/Enums/ENiagaraExecutionStateManagement.uasset" 712
"../../Plugins/FX/Niagara/Content/Modules/Emitter/EmitterState.uasset" 713
"../../Plugins/FX/Niagara/Content/DynamicInputs/ValueFromCurve/FloatFromCurve.uasset" 714
"G:/Unreal Projects/UE4Tanks/ToonTanksV1/Content/sA_PickupSet_1/Fx/NiagaraSystems/NS_Healing_2.uasset" 715
"G:/Unreal Projects/UE4Tanks/ToonTanksV1/Content/Blueprints/Pickups/BP_PickupHealth.uasset" 716
"G:/Unreal Projects/UE4Tanks/ToonTanksV1/Content/AssetsvilleTown/Meshes/Weapons/SM_Ammo_Box_04.uasset" 717
"G:/Unreal Projects/UE4Tanks/ToonTanksV1/Content/Blueprints/Pickups/BP_PickUpFireRate.uasset" 718
"G:/Unreal Projects/UE4Tanks/ToonTanksV1/Content/Blueprints/Pickups/BP_PickupFire.uasset" 719
"G:/Unreal Projects/UE4Tanks/ToonTanksV1/Content/Blueprints/Enemies/BP_PawnTurret.uasset" 720
"G:/Unreal Projects/UE4Tanks/ToonTanksV1/Content/ParagonMinions/Characters/Buff/Buff_Green/Meshes/Buff_Green_CylShadows.uasset" 721
"../../../Engine/Content/Functions/Engine_MaterialFunctions02/Utility/VectorLength.uasset" 722
"../../../Engine/Content/Functions/Engine_MaterialFunctions01/Gradient/LinearGradient.uasset" 723
"../../../Engine/Content/Functions/Engine_MaterialFunctions01/ImageAdjustment/CheapContrast.uasset" 724
"G:/Unreal Projects/UE4Tanks/ToonTanksV1/Content/ParagonMinions/Characters/Buff/Buff_Green/Textures/T_SmallFlower01_N.uasset" 725
"G:/Unreal Projects/UE4Tanks/ToonTanksV1/Content/ParagonMinions/Characters/Buff/Buff_Green/Textures/T_SmallFlower01.uasset" 726
"../../../Engine/Content/Functions/Engine_MaterialFunctions02/WorldPositionOffset/ComponentPivotLocation.uasset" 727
"../../../Engine/Content/Functions/Engine_MaterialFunctions02/WorldPositionOffset/Sprite.uasset" 728
"../../../Engine/Content/Functions/Engine_MaterialFunctions02/Utility/Swizzle.uasset" 729
"../../../Engine/Content/Functions/Engine_MaterialFunctions02/Texturing/HeightLerp.uasset" 730
"../../../Engine/Content/Functions/Engine_MaterialFunctions02/Math/InverseTransformMatrix.uasset" 731
"../../../Engine/Content/Functions/Engine_MaterialFunctions02/Math/CreateThirdOrthogonalVector.uasset" 732
"../../../Engine/Content/Functions/Engine_MaterialFunctions02/Math/TransformToZVector.uasset" 733
"../../../Engine/Content/EngineVolumetrics/Fogsheet/Materials/T_EV_BlankWhite_01.uasset" 734
"../../../Engine/Content/Functions/Engine_MaterialFunctions01/Texturing/ParallaxOcclusionMapping.uasset" 735
"../../../Engine/Content/Functions/Engine_MaterialFunctions01/Texturing/TextureBomb_SingleSample.uasset" 736
"../../../Engine/Content/EditorResources/S_VectorFieldVol.uasset" 737
"../../../Engine/Content/Functions/Engine_MaterialFunctions01/Texturing/ScaleUVsByCenter.uasset" 738
"../../../Engine/Content/Functions/Engine_MaterialFunctions01/Texturing/Texture_Bombing.uasset" 739
"G:/Unreal Projects/UE4Tanks/ToonTanksV1/Content/ParagonMinions/Characters/Buff/Buff_Green/Materials/M_Green_Buff_LavaDrip.uasset" 740
"G:/Unreal Projects/UE4Tanks/ToonTanksV1/Content/ParagonMinions/Characters/Global/ParameterCollections/OrionGlobalGameplayCollection.uasset" 741
"G:/Unreal Projects/UE4Tanks/ToonTanksV1/Content/ParagonMinions/Characters/Global/MaterialLayers/T_TestML_Mask.uasset" 742
"../../../Engine/Content/EngineMaterials/DefaultNormal.uasset" 743
"../../../Engine/Content/Functions/Engine_MaterialFunctions03/Blends/Lerp_ScratchGrime.uasset" 744
"G:/Unreal Projects/UE4Tanks/ToonTanksV1/Content/ParagonMinions/Characters/Global/MaterialLayers/ML__Blank.uasset" 745
"G:/Unreal Projects/UE4Tanks/ToonTanksV1/Content/ParagonMinions/Characters/Global/MaterialLayers/Rubber/T_Blank_N.uasset" 746
"G:/Unreal Projects/UE4Tanks/ToonTanksV1/Content/ParagonMinions/Characters/Global/MaterialLayers/Metal/T_Blue_Metal02.uasset" 747
"G:/Unreal Projects/UE4Tanks/ToonTanksV1/Content/ParagonMinions/Characters/Global/MaterialFunctions/MaterialLayerConstructors/MLC_Standard.uasset" 748
"G:/Unreal Projects/UE4Tanks/ToonTanksV1/Content/ParagonMinions/Characters/Global/MaterialFunctions/MaterialLayerConstructors/MLC_ScratchAndGrime.uasset" 749
"../../../Engine/Content/Functions/MaterialLayerFunctions/MatLayerBlend_Standard.uasset" 750
"../../../Engine/Content/Functions/MaterialLayerFunctions/MatLayerBlend_OverrideBaseColor.uasset" 751
"../../../Engine/Content/Functions/MaterialLayerFunctions/MatLayerBlend_BreakBaseColor.uasset" 752
"../../../Engine/Content/Functions/Engine_MaterialFunctions01/Shading/MetallicShading.uasset" 753
"G:/Unreal Projects/UE4Tanks/ToonTanksV1/Content/ParagonMinions/Characters/Global/MaterialLayers/Metal/ML_blue_Metal.uasset" 754
"G:/Unreal Projects/UE4Tanks/ToonTanksV1/Content/ParagonMinions/Characters/Global/MaterialFunctions/Textures/T_AtmosphericCloudNoise03.uasset" 755
"G:/Unreal Projects/UE4Tanks/ToonTanksV1/Content/ParagonMinions/Characters/Global/MaterialFunctions/Textures/T_AtmosphericCloudNoise01_N.uasset" 756
"../../../Engine/Content/Functions/Engine_MaterialFunctions01/Texturing/WorldAlignedTexture.uasset" 757
"G:/Unreal Projects/UE4Tanks/ToonTanksV1/Content/ParagonMinions/Characters/Global/MaterialFunctions/Textures/T_AtmosphericCloudNoise01.uasset" 758
"G:/Unreal Projects/UE4Tanks/ToonTanksV1/Content/ParagonMinions/Characters/Global/MaterialFunctions/MF_DeathFade.uasset" 759
"G:/Unreal Projects/UE4Tanks/ToonTanksV1/Content/ParagonMinions/Characters/Global/MaterialFunctions/MF_BrightnessAdjust.uasset" 760
"../../../Engine/Content/Functions/MaterialLayerFunctions/MatLayerBlend_Tint.uasset" 761
"../../../Engine/Content/Functions/MaterialLayerFunctions/MatLayerBlend_Emissive.uasset" 762
"G:/Unreal Projects/UE4Tanks/ToonTanksV1/Content/ParagonMinions/Characters/Global/MaterialFunctions/HitFlash.uasset" 763
"G:/Unreal Projects/UE4Tanks/ToonTanksV1/Content/ParagonMinions/Characters/Global/MaterialFunctions/MF_OrionRimlight.uasset" 764
"G:/Unreal Projects/UE4Tanks/ToonTanksV1/Content/ParagonMinions/Characters/Global/MaterialFunctions/MF_CharacterEffects.uasset" 765
"../../../Engine/Content/Functions/MaterialLayerFunctions/MatLayerBlend_BakedNormal.uasset" 766
"G:/Unreal Projects/UE4Tanks/ToonTanksV1/Content/ParagonMinions/Characters/Global/MaterialLayers/Special/T_LavaFloor_02_D.uasset" 767
"G:/Unreal Projects/UE4Tanks/ToonTanksV1/Content/ParagonMinions/Characters/Buff/Buff_Red/Textures/T_BuffRed_N.uasset" 768
"G:/Unreal Projects/UE4Tanks/ToonTanksV1/Content/ParagonMinions/Characters/Buff/Buff_Red/Textures/T_Buff_Red_M.uasset" 769
"G:/Unreal Projects/UE4Tanks/ToonTanksV1/Content/ParagonMinions/Characters/Buff/Buff_Green/Materials/T_Greenbuff_LUT.uasset" 770
"G:/Unreal Projects/UE4Tanks/ToonTanksV1/Content/ParagonMinions/Characters/Global/MaterialLayers/Wood/T_TreeBark_N.uasset" 771
"G:/Unreal Projects/UE4Tanks/ToonTanksV1/Content/ParagonMinions/Characters/Global/MaterialLayers/Wood/T_TreeBark_D.uasset" 772
"G:/Unreal Projects/UE4Tanks/ToonTanksV1/Content/ParagonMinions/Characters/Global/MaterialLayers/Wood/ML_TreeBark.uasset" 773
"G:/Unreal Projects/UE4Tanks/ToonTanksV1/Content/ParagonMinions/Characters/Global/MaterialLayers/Foliage/T_TilingMoss_Clovers-n-Flowers_02_N.uasset" 774
"G:/Unreal Projects/UE4Tanks/ToonTanksV1/Content/ParagonMinions/Characters/Global/MaterialLayers/Foliage/T_TilingMoss_Clovers-n-Flowers_02_D.uasset" 775
"G:/Unreal Projects/UE4Tanks/ToonTanksV1/Content/ParagonMinions/Characters/Global/MaterialLayers/Wood/ML_Moss.uasset" 776
"G:/Unreal Projects/UE4Tanks/ToonTanksV1/Content/ParagonMinions/Characters/Buff/Buff_Green/Materials/M_GreenBuff.uasset" 777
"G:/Unreal Projects/UE4Tanks/ToonTanksV1/Content/ParagonMinions/Characters/Buff/Buff_Green/Meshes/Buff_Green_Skeleton.uasset" 778
"G:/Unreal Projects/UE4Tanks/ToonTanksV1/Content/ParagonMinions/Characters/Buff/Buff_Green/Meshes/Buff_Green.uasset" 779
"G:/Unreal Projects/UE4Tanks/ToonTanksV1/Content/Blueprints/Enemies/BD_Minion.uasset" 780
"G:/Unreal Projects/UE4Tanks/ToonTanksV1/Content/Blueprints/Enemies/BT_Minion.uasset" 781
"G:/Unreal Projects/UE4Tanks/ToonTanksV1/Content/Blueprints/Enemies/BP_AIControllerMinion.uasset" 782
"G:/Unreal Projects/UE4Tanks/ToonTanksV1/Content/ParagonMinions/Characters/Buff/Buff_Green/Animations/Run_Fwd.uasset" 783
"G:/Unreal Projects/UE4Tanks/ToonTanksV1/Content/ParagonMinions/Characters/Buff/Buff_Green/Animations/Idle.uasset" 784
"../../../Engine/Content/Animation/DefaultAnimCurveCompressionSettings.uasset" 785
"../../../Engine/Content/Animation/DefaultAnimBoneCompressionSettings.uasset" 786
"G:/Unreal Projects/UE4Tanks/ToonTanksV1/Content/ParagonMinions/Characters/Buff/Buff_Green/Animations/Hit_Back.uasset" 787
"G:/Unreal Projects/UE4Tanks/ToonTanksV1/Content/Blueprints/Enemies/ABP_MinionGreen.uasset" 788
"G:/Unreal Projects/UE4Tanks/ToonTanksV1/Content/Assets/Effects/P_HitEffectGreen.uasset" 789
"G:/Unreal Projects/UE4Tanks/ToonTanksV1/Content/Assets/Effects/P_ProjectileTrailGreen.uasset" 790
"../../../Engine/Content/ArtTools/RenderToTexture/Materials/Debug/M_Emissive_Color_127-127-0.uasset" 791
"G:/Unreal Projects/UE4Tanks/ToonTanksV1/Content/Blueprints/BP_ProjectileMinion.uasset" 792
"G:/Unreal Projects/UE4Tanks/ToonTanksV1/Content/Blueprints/Enemies/BP_MinionGreen.uasset" 793
"G:/Unreal Projects/UE4Tanks/ToonTanksV1/Content/ParagonMinions/FX/Textures/Icon/T_Target_Arrow_Small.uasset" 794
"G:/Unreal Projects/UE4Tanks/ToonTanksV1/Content/ParagonMinions/FX/Textures/Masks/T_Square_SoftEdges_Clamped.uasset" 795
"G:/Unreal Projects/UE4Tanks/ToonTanksV1/Content/ParagonMinions/FX/Textures/Icon/T_Location_Marker_M.uasset" 796
"G:/Unreal Projects/UE4Tanks/ToonTanksV1/Content/ParagonMinions/FX/Textures/Icon/T_Lane_Icons.uasset" 797
"G:/Unreal Projects/UE4Tanks/ToonTanksV1/Content/ParagonMinions/FX/Textures/CubeMaps/T_Agora_Cube_Small.uasset" 798
"G:/Unreal Projects/UE4Tanks/ToonTanksV1/Content/ParagonMinions/FX/Materials/Functions/MF_CameraDistanceFade.uasset" 799
"G:/Unreal Projects/UE4Tanks/ToonTanksV1/Content/ParagonMinions/FX/Materials/Icons/M_Destination_Marker.uasset" 800
"G:/Unreal Projects/UE4Tanks/ToonTanksV1/Content/ParagonMinions/FX/Materials/Icons/M_Destination_Marker_Arrow_Inst.uasset" 801
"G:/Unreal Projects/UE4Tanks/ToonTanksV1/Content/ParagonMinions/FX/Meshes/Icons/SM_Destination_MarkerV2.uasset" 802
"G:/Unreal Projects/UE4Tanks/ToonTanksV1/Content/ParagonMinions/FX/Materials/Flares/M_Lensflare_TB_SoftGlow.uasset" 803
"G:/Unreal Projects/UE4Tanks/ToonTanksV1/Content/ParagonMinions/FX/Particles/SharedGameplay/Targeting/P_Destination_Marker.uasset" 804
"G:/Unreal Projects/UE4Tanks/ToonTanksV1/Content/ParagonMinions/FX/Meshes/Shapes/SM_Buff_Red_Smash_Cylinder.uasset" 805
"G:/Unreal Projects/UE4Tanks/ToonTanksV1/Content/ParagonMinions/FX/Meshes/Shapes/refractive_sphere.uasset" 806
"G:/Unreal Projects/UE4Tanks/ToonTanksV1/Content/ParagonMinions/FX/Meshes/Debris/SM_RedBuff_RocksGround.uasset" 807
"G:/Unreal Projects/UE4Tanks/ToonTanksV1/Content/ParagonMinions/FX/Materials/Water/M_LiquidSplash_SubUV_Lava.uasset" 808
"G:/Unreal Projects/UE4Tanks/ToonTanksV1/Content/ParagonMinions/FX/Textures/Tile/Heat/T_WaveDisplace_N.uasset" 809
"G:/Unreal Projects/UE4Tanks/ToonTanksV1/Content/ParagonMinions/FX/Materials/Functions/FadeBasedOnViewAngle.uasset" 810
"G:/Unreal Projects/UE4Tanks/ToonTanksV1/Content/ParagonMinions/FX/Materials/HeatDistort/M_ParticleRefraction_SimpleHeatDistortion_AlphaControl_Fresnel.uasset" 811
"G:/Unreal Projects/UE4Tanks/ToonTanksV1/Content/ParagonMinions/FX/Textures/Buff_Specific/Buff_Red/T_Buff_Red_CellNoise.uasset" 812
"G:/Unreal Projects/UE4Tanks/ToonTanksV1/Content/ParagonMinions/FX/Materials/Debris/M_Buff_Red_SmashImpact.uasset" 813
"G:/Unreal Projects/UE4Tanks/ToonTanksV1/Content/ParagonMinions/FX/Textures/Environment/T_RockGraniteLarge_Grey_Mossy_pjtsT_4K_Displacement.uasset" 814
"G:/Unreal Projects/UE4Tanks/ToonTanksV1/Content/ParagonMinions/FX/Textures/Environment/T_CliffRockTile_03_D.uasset" 815
"G:/Unreal Projects/UE4Tanks/ToonTanksV1/Content/ParagonMinions/FX/Textures/Environment/T_RockGranite_Large_Grey_Mossy_pjtsT_4K_Normal_LOD1.uasset" 816
"G:/Unreal Projects/UE4Tanks/ToonTanksV1/Content/ParagonMinions/FX/Textures/Environment/T_Rock_Granite_Large_Grey_Mossy_pjtsT_4K_Albedo.uasset" 817
"G:/Unreal Projects/UE4Tanks/ToonTanksV1/Content/ParagonMinions/FX/Materials/Debris/M_Buff_Red_Rock.uasset" 818
"G:/Unreal Projects/UE4Tanks/ToonTanksV1/Content/ParagonMinions/FX/Textures/Debris/T_Concrete_ChunkSubUV_N_TGA.uasset" 819
"G:/Unreal Projects/UE4Tanks/ToonTanksV1/Content/ParagonMinions/FX/Textures/Debris/T_Concrete_ChunkSubUV_D.uasset" 820
"G:/Unreal Projects/UE4Tanks/ToonTanksV1/Content/ParagonMinions/FX/Textures/Debris/T_Concrete_ChunkSubUV_AO.uasset" 821
"G:/Unreal Projects/UE4Tanks/ToonTanksV1/Content/ParagonMinions/FX/Materials/Debris/M_Buff_Red_DebrisChunks_FakeLit.uasset" 822
"G:/Unreal Projects/UE4Tanks/ToonTanksV1/Content/ParagonMinions/FX/Particles/Buffs/Buff_Green/Abilities/Spawn/FX/P_Buff_Green_SpawnFX.uasset" 823
"../../../Engine/Content/EditorBlueprintResources/StandardMacros.uasset" 824
"G:/Unreal Projects/UE4Tanks/ToonTanksV1/Content/Blueprints/BP_SpawnEnemies.uasset" 825
"G:/Unreal Projects/UE4Tanks/ToonTanksV1/Content/Maps/BaseballCourtTimeAttack.umap" 826
"../../../Engine/Content/Maps/Entry_BuiltData.uasset" 827
"../../../Engine/Content/Maps/Entry.umap" 828
